11-10-2021 12:11:46.122 INFO  Запрос на сервер: Method - GET; 
        URL - /gallery?page=6&limit=5; 
        Body - {}; 
        Headers - {"host":"localhost:8080","connection":"keep-alive","sec-ch-ua":"\"Chromium\";v=\"94\", \"Google Chrome\";v=\"94\", \";Not A Brand\";v=\"99\"","sec-ch-ua-mobile":"?0","sec-ch-ua-platform":"\"macOS\"","upgrade-insecure-requests":"1","user-agent":"Mozilla/5.0 (Macintosh; Intel Mac OS X 10_15_7) AppleWebKit/537.36 (KHTML, like Gecko) Chrome/94.0.4606.81 Safari/537.36","accept":"text/html,application/xhtml+xml,application/xml;q=0.9,image/avif,image/webp,image/apng,*/*;q=0.8,application/signed-exchange;v=b3;q=0.9","sec-fetch-site":"none","sec-fetch-mode":"navigate","sec-fetch-user":"?1","sec-fetch-dest":"document","accept-encoding":"gzip, deflate, br","accept-language":"ru-RU,ru;q=0.9,en-US;q=0.8,en;q=0.7","cookie":"token=token"} 
11-10-2021 12:11:46.582 INFO  Запрос на сервер: Method - GET; 
        URL - /anton-ivanov-L38IxgRzVcE-unsplash.jpg; 
        Body - {}; 
        Headers - {"host":"localhost:8080","connection":"keep-alive","sec-ch-ua":"\"Chromium\";v=\"94\", \"Google Chrome\";v=\"94\", \";Not A Brand\";v=\"99\"","sec-ch-ua-mobile":"?0","user-agent":"Mozilla/5.0 (Macintosh; Intel Mac OS X 10_15_7) AppleWebKit/537.36 (KHTML, like Gecko) Chrome/94.0.4606.81 Safari/537.36","sec-ch-ua-platform":"\"macOS\"","accept":"image/avif,image/webp,image/apng,image/svg+xml,image/*,*/*;q=0.8","sec-fetch-site":"same-origin","sec-fetch-mode":"no-cors","sec-fetch-dest":"image","referer":"http://localhost:8080/gallery?page=6&limit=5","accept-encoding":"gzip, deflate, br","accept-language":"ru-RU,ru;q=0.9,en-US;q=0.8,en;q=0.7","cookie":"token=token"} 
11-10-2021 12:11:46.585 INFO  Запрос на сервер: Method - GET; 
        URL - /christian-holzinger-3iEgF99LESk-unsplash.jpg; 
        Body - {}; 
        Headers - {"host":"localhost:8080","connection":"keep-alive","sec-ch-ua":"\"Chromium\";v=\"94\", \"Google Chrome\";v=\"94\", \";Not A Brand\";v=\"99\"","sec-ch-ua-mobile":"?0","user-agent":"Mozilla/5.0 (Macintosh; Intel Mac OS X 10_15_7) AppleWebKit/537.36 (KHTML, like Gecko) Chrome/94.0.4606.81 Safari/537.36","sec-ch-ua-platform":"\"macOS\"","accept":"image/avif,image/webp,image/apng,image/svg+xml,image/*,*/*;q=0.8","sec-fetch-site":"same-origin","sec-fetch-mode":"no-cors","sec-fetch-dest":"image","referer":"http://localhost:8080/gallery?page=6&limit=5","accept-encoding":"gzip, deflate, br","accept-language":"ru-RU,ru;q=0.9,en-US;q=0.8,en;q=0.7","cookie":"token=token"} 
11-10-2021 12:11:46.586 INFO  Запрос на сервер: Method - GET; 
        URL - /dan-burton-CuCSy7zYrdA-unsplash.jpg; 
        Body - {}; 
        Headers - {"host":"localhost:8080","connection":"keep-alive","sec-ch-ua":"\"Chromium\";v=\"94\", \"Google Chrome\";v=\"94\", \";Not A Brand\";v=\"99\"","sec-ch-ua-mobile":"?0","user-agent":"Mozilla/5.0 (Macintosh; Intel Mac OS X 10_15_7) AppleWebKit/537.36 (KHTML, like Gecko) Chrome/94.0.4606.81 Safari/537.36","sec-ch-ua-platform":"\"macOS\"","accept":"image/avif,image/webp,image/apng,image/svg+xml,image/*,*/*;q=0.8","sec-fetch-site":"same-origin","sec-fetch-mode":"no-cors","sec-fetch-dest":"image","referer":"http://localhost:8080/gallery?page=6&limit=5","accept-encoding":"gzip, deflate, br","accept-language":"ru-RU,ru;q=0.9,en-US;q=0.8,en;q=0.7","cookie":"token=token"} 
11-10-2021 12:11:46.587 INFO  Запрос на сервер: Method - GET; 
        URL - /dan-dennis-FU1mWxzUXJs-unsplash.jpg; 
        Body - {}; 
        Headers - {"host":"localhost:8080","connection":"keep-alive","sec-ch-ua":"\"Chromium\";v=\"94\", \"Google Chrome\";v=\"94\", \";Not A Brand\";v=\"99\"","sec-ch-ua-mobile":"?0","user-agent":"Mozilla/5.0 (Macintosh; Intel Mac OS X 10_15_7) AppleWebKit/537.36 (KHTML, like Gecko) Chrome/94.0.4606.81 Safari/537.36","sec-ch-ua-platform":"\"macOS\"","accept":"image/avif,image/webp,image/apng,image/svg+xml,image/*,*/*;q=0.8","sec-fetch-site":"same-origin","sec-fetch-mode":"no-cors","sec-fetch-dest":"image","referer":"http://localhost:8080/gallery?page=6&limit=5","accept-encoding":"gzip, deflate, br","accept-language":"ru-RU,ru;q=0.9,en-US;q=0.8,en;q=0.7","cookie":"token=token"} 
11-10-2021 12:11:46.587 INFO  Запрос на сервер: Method - GET; 
        URL - /danist-soh--1KpwRL-8MY-unsplash.jpg; 
        Body - {}; 
        Headers - {"host":"localhost:8080","connection":"keep-alive","sec-ch-ua":"\"Chromium\";v=\"94\", \"Google Chrome\";v=\"94\", \";Not A Brand\";v=\"99\"","sec-ch-ua-mobile":"?0","user-agent":"Mozilla/5.0 (Macintosh; Intel Mac OS X 10_15_7) AppleWebKit/537.36 (KHTML, like Gecko) Chrome/94.0.4606.81 Safari/537.36","sec-ch-ua-platform":"\"macOS\"","accept":"image/avif,image/webp,image/apng,image/svg+xml,image/*,*/*;q=0.8","sec-fetch-site":"same-origin","sec-fetch-mode":"no-cors","sec-fetch-dest":"image","referer":"http://localhost:8080/gallery?page=6&limit=5","accept-encoding":"gzip, deflate, br","accept-language":"ru-RU,ru;q=0.9,en-US;q=0.8,en;q=0.7","cookie":"token=token"} 
11-10-2021 12:11:46.590 INFO  Запрос на сервер: Method - GET; 
        URL - /gallery.js; 
        Body - {}; 
        Headers - {"host":"localhost:8080","connection":"keep-alive","sec-ch-ua":"\"Chromium\";v=\"94\", \"Google Chrome\";v=\"94\", \";Not A Brand\";v=\"99\"","if-none-match":"W/\"103f-17c6e82fc8d\"","if-modified-since":"Mon, 11 Oct 2021 08:40:50 GMT","sec-ch-ua-mobile":"?0","user-agent":"Mozilla/5.0 (Macintosh; Intel Mac OS X 10_15_7) AppleWebKit/537.36 (KHTML, like Gecko) Chrome/94.0.4606.81 Safari/537.36","sec-ch-ua-platform":"\"macOS\"","accept":"*/*","sec-fetch-site":"same-origin","sec-fetch-mode":"no-cors","sec-fetch-dest":"script","referer":"http://localhost:8080/gallery?page=6&limit=5","accept-encoding":"gzip, deflate, br","accept-language":"ru-RU,ru;q=0.9,en-US;q=0.8,en;q=0.7","cookie":"token=token"} 
11-10-2021 12:11:48.587 INFO  Запрос на сервер: Method - GET; 
        URL - /gallery?page=7; 
        Body - {}; 
        Headers - {"host":"localhost:8080","connection":"keep-alive","sec-ch-ua":"\"Chromium\";v=\"94\", \"Google Chrome\";v=\"94\", \";Not A Brand\";v=\"99\"","sec-ch-ua-mobile":"?0","sec-ch-ua-platform":"\"macOS\"","upgrade-insecure-requests":"1","user-agent":"Mozilla/5.0 (Macintosh; Intel Mac OS X 10_15_7) AppleWebKit/537.36 (KHTML, like Gecko) Chrome/94.0.4606.81 Safari/537.36","accept":"text/html,application/xhtml+xml,application/xml;q=0.9,image/avif,image/webp,image/apng,*/*;q=0.8,application/signed-exchange;v=b3;q=0.9","sec-fetch-site":"same-origin","sec-fetch-mode":"navigate","sec-fetch-dest":"document","referer":"http://localhost:8080/gallery?page=6&limit=5","accept-encoding":"gzip, deflate, br","accept-language":"ru-RU,ru;q=0.9,en-US;q=0.8,en;q=0.7","cookie":"token=token"} 
11-10-2021 12:11:49.007 INFO  Запрос на сервер: Method - GET; 
        URL - /gallery.js; 
        Body - {}; 
        Headers - {"host":"localhost:8080","connection":"keep-alive","sec-ch-ua":"\"Chromium\";v=\"94\", \"Google Chrome\";v=\"94\", \";Not A Brand\";v=\"99\"","if-none-match":"W/\"1099-17c6e9f087a\"","if-modified-since":"Mon, 11 Oct 2021 09:11:28 GMT","sec-ch-ua-mobile":"?0","user-agent":"Mozilla/5.0 (Macintosh; Intel Mac OS X 10_15_7) AppleWebKit/537.36 (KHTML, like Gecko) Chrome/94.0.4606.81 Safari/537.36","sec-ch-ua-platform":"\"macOS\"","accept":"*/*","sec-fetch-site":"same-origin","sec-fetch-mode":"no-cors","sec-fetch-dest":"script","referer":"http://localhost:8080/gallery?page=7","accept-encoding":"gzip, deflate, br","accept-language":"ru-RU,ru;q=0.9,en-US;q=0.8,en;q=0.7","cookie":"token=token"} 
11-10-2021 12:14:24.997 INFO  Запрос на сервер: Method - GET; 
        URL - /gallery?page=7; 
        Body - {}; 
        Headers - {"host":"localhost:8080","connection":"keep-alive","cache-control":"max-age=0","sec-ch-ua":"\"Chromium\";v=\"94\", \"Google Chrome\";v=\"94\", \";Not A Brand\";v=\"99\"","sec-ch-ua-mobile":"?0","sec-ch-ua-platform":"\"macOS\"","upgrade-insecure-requests":"1","user-agent":"Mozilla/5.0 (Macintosh; Intel Mac OS X 10_15_7) AppleWebKit/537.36 (KHTML, like Gecko) Chrome/94.0.4606.81 Safari/537.36","accept":"text/html,application/xhtml+xml,application/xml;q=0.9,image/avif,image/webp,image/apng,*/*;q=0.8,application/signed-exchange;v=b3;q=0.9","sec-fetch-site":"same-origin","sec-fetch-mode":"navigate","sec-fetch-user":"?1","sec-fetch-dest":"document","referer":"http://localhost:8080/gallery?page=6&limit=5","accept-encoding":"gzip, deflate, br","accept-language":"ru-RU,ru;q=0.9,en-US;q=0.8,en;q=0.7","cookie":"token=token","if-none-match":"W/\"3c5-5kLqDyCk55XZr/MPA64OilOCBCw\""} 
11-10-2021 12:14:25.438 INFO  Запрос на сервер: Method - GET; 
        URL - /gallery.js; 
        Body - {}; 
        Headers - {"host":"localhost:8080","connection":"keep-alive","sec-ch-ua":"\"Chromium\";v=\"94\", \"Google Chrome\";v=\"94\", \";Not A Brand\";v=\"99\"","if-none-match":"W/\"1099-17c6e9f087a\"","if-modified-since":"Mon, 11 Oct 2021 09:11:28 GMT","sec-ch-ua-mobile":"?0","user-agent":"Mozilla/5.0 (Macintosh; Intel Mac OS X 10_15_7) AppleWebKit/537.36 (KHTML, like Gecko) Chrome/94.0.4606.81 Safari/537.36","sec-ch-ua-platform":"\"macOS\"","accept":"*/*","sec-fetch-site":"same-origin","sec-fetch-mode":"no-cors","sec-fetch-dest":"script","referer":"http://localhost:8080/gallery?page=7","accept-encoding":"gzip, deflate, br","accept-language":"ru-RU,ru;q=0.9,en-US;q=0.8,en;q=0.7","cookie":"token=token"} 
11-10-2021 12:14:25.490 INFO  Запрос на сервер: Method - GET; 
        URL - /gallery?page=7&limit=undefined; 
        Body - {}; 
        Headers - {"host":"localhost:8080","connection":"keep-alive","sec-ch-ua":"\"Chromium\";v=\"94\", \"Google Chrome\";v=\"94\", \";Not A Brand\";v=\"99\"","sec-ch-ua-mobile":"?0","sec-ch-ua-platform":"\"macOS\"","upgrade-insecure-requests":"1","user-agent":"Mozilla/5.0 (Macintosh; Intel Mac OS X 10_15_7) AppleWebKit/537.36 (KHTML, like Gecko) Chrome/94.0.4606.81 Safari/537.36","accept":"text/html,application/xhtml+xml,application/xml;q=0.9,image/avif,image/webp,image/apng,*/*;q=0.8,application/signed-exchange;v=b3;q=0.9","sec-fetch-site":"same-origin","sec-fetch-mode":"navigate","sec-fetch-dest":"document","referer":"http://localhost:8080/gallery?page=7","accept-encoding":"gzip, deflate, br","accept-language":"ru-RU,ru;q=0.9,en-US;q=0.8,en;q=0.7","cookie":"token=token"} 
11-10-2021 12:14:25.903 INFO  Запрос на сервер: Method - GET; 
        URL - /gallery.js; 
        Body - {}; 
        Headers - {"host":"localhost:8080","connection":"keep-alive","sec-ch-ua":"\"Chromium\";v=\"94\", \"Google Chrome\";v=\"94\", \";Not A Brand\";v=\"99\"","if-none-match":"W/\"10be-17c6ea145fa\"","if-modified-since":"Mon, 11 Oct 2021 09:13:55 GMT","sec-ch-ua-mobile":"?0","user-agent":"Mozilla/5.0 (Macintosh; Intel Mac OS X 10_15_7) AppleWebKit/537.36 (KHTML, like Gecko) Chrome/94.0.4606.81 Safari/537.36","sec-ch-ua-platform":"\"macOS\"","accept":"*/*","sec-fetch-site":"same-origin","sec-fetch-mode":"no-cors","sec-fetch-dest":"script","referer":"http://localhost:8080/gallery?page=7&limit=undefined","accept-encoding":"gzip, deflate, br","accept-language":"ru-RU,ru;q=0.9,en-US;q=0.8,en;q=0.7","cookie":"token=token"} 
11-10-2021 12:14:25.931 INFO  Запрос на сервер: Method - GET; 
        URL - /gallery?page=7&limit=undefined; 
        Body - {}; 
        Headers - {"host":"localhost:8080","connection":"keep-alive","sec-ch-ua":"\"Chromium\";v=\"94\", \"Google Chrome\";v=\"94\", \";Not A Brand\";v=\"99\"","sec-ch-ua-mobile":"?0","sec-ch-ua-platform":"\"macOS\"","upgrade-insecure-requests":"1","user-agent":"Mozilla/5.0 (Macintosh; Intel Mac OS X 10_15_7) AppleWebKit/537.36 (KHTML, like Gecko) Chrome/94.0.4606.81 Safari/537.36","accept":"text/html,application/xhtml+xml,application/xml;q=0.9,image/avif,image/webp,image/apng,*/*;q=0.8,application/signed-exchange;v=b3;q=0.9","sec-fetch-site":"same-origin","sec-fetch-mode":"navigate","sec-fetch-dest":"document","referer":"http://localhost:8080/gallery?page=7&limit=undefined","accept-encoding":"gzip, deflate, br","accept-language":"ru-RU,ru;q=0.9,en-US;q=0.8,en;q=0.7","cookie":"token=token","if-none-match":"W/\"3c5-5kLqDyCk55XZr/MPA64OilOCBCw\""} 
11-10-2021 12:14:26.332 INFO  Запрос на сервер: Method - GET; 
        URL - /gallery.js; 
        Body - {}; 
        Headers - {"host":"localhost:8080","connection":"keep-alive","sec-ch-ua":"\"Chromium\";v=\"94\", \"Google Chrome\";v=\"94\", \";Not A Brand\";v=\"99\"","if-none-match":"W/\"10be-17c6ea145fa\"","if-modified-since":"Mon, 11 Oct 2021 09:13:55 GMT","sec-ch-ua-mobile":"?0","user-agent":"Mozilla/5.0 (Macintosh; Intel Mac OS X 10_15_7) AppleWebKit/537.36 (KHTML, like Gecko) Chrome/94.0.4606.81 Safari/537.36","sec-ch-ua-platform":"\"macOS\"","accept":"*/*","sec-fetch-site":"same-origin","sec-fetch-mode":"no-cors","sec-fetch-dest":"script","referer":"http://localhost:8080/gallery?page=7&limit=undefined","accept-encoding":"gzip, deflate, br","accept-language":"ru-RU,ru;q=0.9,en-US;q=0.8,en;q=0.7","cookie":"token=token"} 
11-10-2021 12:14:26.361 INFO  Запрос на сервер: Method - GET; 
        URL - /gallery?page=7&limit=undefined; 
        Body - {}; 
        Headers - {"host":"localhost:8080","connection":"keep-alive","sec-ch-ua":"\"Chromium\";v=\"94\", \"Google Chrome\";v=\"94\", \";Not A Brand\";v=\"99\"","sec-ch-ua-mobile":"?0","sec-ch-ua-platform":"\"macOS\"","upgrade-insecure-requests":"1","user-agent":"Mozilla/5.0 (Macintosh; Intel Mac OS X 10_15_7) AppleWebKit/537.36 (KHTML, like Gecko) Chrome/94.0.4606.81 Safari/537.36","accept":"text/html,application/xhtml+xml,application/xml;q=0.9,image/avif,image/webp,image/apng,*/*;q=0.8,application/signed-exchange;v=b3;q=0.9","sec-fetch-site":"same-origin","sec-fetch-mode":"navigate","sec-fetch-dest":"document","referer":"http://localhost:8080/gallery?page=7&limit=undefined","accept-encoding":"gzip, deflate, br","accept-language":"ru-RU,ru;q=0.9,en-US;q=0.8,en;q=0.7","cookie":"token=token","if-none-match":"W/\"3c5-5kLqDyCk55XZr/MPA64OilOCBCw\""} 
11-10-2021 12:14:26.748 INFO  Запрос на сервер: Method - GET; 
        URL - /gallery.js; 
        Body - {}; 
        Headers - {"host":"localhost:8080","connection":"keep-alive","sec-ch-ua":"\"Chromium\";v=\"94\", \"Google Chrome\";v=\"94\", \";Not A Brand\";v=\"99\"","if-none-match":"W/\"10be-17c6ea145fa\"","if-modified-since":"Mon, 11 Oct 2021 09:13:55 GMT","sec-ch-ua-mobile":"?0","user-agent":"Mozilla/5.0 (Macintosh; Intel Mac OS X 10_15_7) AppleWebKit/537.36 (KHTML, like Gecko) Chrome/94.0.4606.81 Safari/537.36","sec-ch-ua-platform":"\"macOS\"","accept":"*/*","sec-fetch-site":"same-origin","sec-fetch-mode":"no-cors","sec-fetch-dest":"script","referer":"http://localhost:8080/gallery?page=7&limit=undefined","accept-encoding":"gzip, deflate, br","accept-language":"ru-RU,ru;q=0.9,en-US;q=0.8,en;q=0.7","cookie":"token=token"} 
11-10-2021 12:14:26.799 INFO  Запрос на сервер: Method - GET; 
        URL - /gallery?page=7&limit=undefined; 
        Body - {}; 
        Headers - {"host":"localhost:8080","connection":"keep-alive","sec-ch-ua":"\"Chromium\";v=\"94\", \"Google Chrome\";v=\"94\", \";Not A Brand\";v=\"99\"","sec-ch-ua-mobile":"?0","sec-ch-ua-platform":"\"macOS\"","upgrade-insecure-requests":"1","user-agent":"Mozilla/5.0 (Macintosh; Intel Mac OS X 10_15_7) AppleWebKit/537.36 (KHTML, like Gecko) Chrome/94.0.4606.81 Safari/537.36","accept":"text/html,application/xhtml+xml,application/xml;q=0.9,image/avif,image/webp,image/apng,*/*;q=0.8,application/signed-exchange;v=b3;q=0.9","sec-fetch-site":"same-origin","sec-fetch-mode":"navigate","sec-fetch-dest":"document","referer":"http://localhost:8080/gallery?page=7&limit=undefined","accept-encoding":"gzip, deflate, br","accept-language":"ru-RU,ru;q=0.9,en-US;q=0.8,en;q=0.7","cookie":"token=token","if-none-match":"W/\"3c5-5kLqDyCk55XZr/MPA64OilOCBCw\""} 
11-10-2021 12:14:27.196 INFO  Запрос на сервер: Method - GET; 
        URL - /gallery.js; 
        Body - {}; 
        Headers - {"host":"localhost:8080","connection":"keep-alive","sec-ch-ua":"\"Chromium\";v=\"94\", \"Google Chrome\";v=\"94\", \";Not A Brand\";v=\"99\"","if-none-match":"W/\"10be-17c6ea145fa\"","if-modified-since":"Mon, 11 Oct 2021 09:13:55 GMT","sec-ch-ua-mobile":"?0","user-agent":"Mozilla/5.0 (Macintosh; Intel Mac OS X 10_15_7) AppleWebKit/537.36 (KHTML, like Gecko) Chrome/94.0.4606.81 Safari/537.36","sec-ch-ua-platform":"\"macOS\"","accept":"*/*","sec-fetch-site":"same-origin","sec-fetch-mode":"no-cors","sec-fetch-dest":"script","referer":"http://localhost:8080/gallery?page=7&limit=undefined","accept-encoding":"gzip, deflate, br","accept-language":"ru-RU,ru;q=0.9,en-US;q=0.8,en;q=0.7","cookie":"token=token"} 
11-10-2021 12:14:27.229 INFO  Запрос на сервер: Method - GET; 
        URL - /gallery?page=7&limit=undefined; 
        Body - {}; 
        Headers - {"host":"localhost:8080","connection":"keep-alive","sec-ch-ua":"\"Chromium\";v=\"94\", \"Google Chrome\";v=\"94\", \";Not A Brand\";v=\"99\"","sec-ch-ua-mobile":"?0","sec-ch-ua-platform":"\"macOS\"","upgrade-insecure-requests":"1","user-agent":"Mozilla/5.0 (Macintosh; Intel Mac OS X 10_15_7) AppleWebKit/537.36 (KHTML, like Gecko) Chrome/94.0.4606.81 Safari/537.36","accept":"text/html,application/xhtml+xml,application/xml;q=0.9,image/avif,image/webp,image/apng,*/*;q=0.8,application/signed-exchange;v=b3;q=0.9","sec-fetch-site":"same-origin","sec-fetch-mode":"navigate","sec-fetch-dest":"document","referer":"http://localhost:8080/gallery?page=7&limit=undefined","accept-encoding":"gzip, deflate, br","accept-language":"ru-RU,ru;q=0.9,en-US;q=0.8,en;q=0.7","cookie":"token=token","if-none-match":"W/\"3c5-5kLqDyCk55XZr/MPA64OilOCBCw\""} 
11-10-2021 12:14:27.630 INFO  Запрос на сервер: Method - GET; 
        URL - /gallery.js; 
        Body - {}; 
        Headers - {"host":"localhost:8080","connection":"keep-alive","sec-ch-ua":"\"Chromium\";v=\"94\", \"Google Chrome\";v=\"94\", \";Not A Brand\";v=\"99\"","if-none-match":"W/\"10be-17c6ea145fa\"","if-modified-since":"Mon, 11 Oct 2021 09:13:55 GMT","sec-ch-ua-mobile":"?0","user-agent":"Mozilla/5.0 (Macintosh; Intel Mac OS X 10_15_7) AppleWebKit/537.36 (KHTML, like Gecko) Chrome/94.0.4606.81 Safari/537.36","sec-ch-ua-platform":"\"macOS\"","accept":"*/*","sec-fetch-site":"same-origin","sec-fetch-mode":"no-cors","sec-fetch-dest":"script","referer":"http://localhost:8080/gallery?page=7&limit=undefined","accept-encoding":"gzip, deflate, br","accept-language":"ru-RU,ru;q=0.9,en-US;q=0.8,en;q=0.7","cookie":"token=token"} 
11-10-2021 12:14:27.661 INFO  Запрос на сервер: Method - GET; 
        URL - /gallery?page=7&limit=undefined; 
        Body - {}; 
        Headers - {"host":"localhost:8080","connection":"keep-alive","sec-ch-ua":"\"Chromium\";v=\"94\", \"Google Chrome\";v=\"94\", \";Not A Brand\";v=\"99\"","sec-ch-ua-mobile":"?0","sec-ch-ua-platform":"\"macOS\"","upgrade-insecure-requests":"1","user-agent":"Mozilla/5.0 (Macintosh; Intel Mac OS X 10_15_7) AppleWebKit/537.36 (KHTML, like Gecko) Chrome/94.0.4606.81 Safari/537.36","accept":"text/html,application/xhtml+xml,application/xml;q=0.9,image/avif,image/webp,image/apng,*/*;q=0.8,application/signed-exchange;v=b3;q=0.9","sec-fetch-site":"same-origin","sec-fetch-mode":"navigate","sec-fetch-dest":"document","referer":"http://localhost:8080/gallery?page=7&limit=undefined","accept-encoding":"gzip, deflate, br","accept-language":"ru-RU,ru;q=0.9,en-US;q=0.8,en;q=0.7","cookie":"token=token","if-none-match":"W/\"3c5-5kLqDyCk55XZr/MPA64OilOCBCw\""} 
11-10-2021 12:14:28.073 INFO  Запрос на сервер: Method - GET; 
        URL - /gallery.js; 
        Body - {}; 
        Headers - {"host":"localhost:8080","connection":"keep-alive","sec-ch-ua":"\"Chromium\";v=\"94\", \"Google Chrome\";v=\"94\", \";Not A Brand\";v=\"99\"","if-none-match":"W/\"10be-17c6ea145fa\"","if-modified-since":"Mon, 11 Oct 2021 09:13:55 GMT","sec-ch-ua-mobile":"?0","user-agent":"Mozilla/5.0 (Macintosh; Intel Mac OS X 10_15_7) AppleWebKit/537.36 (KHTML, like Gecko) Chrome/94.0.4606.81 Safari/537.36","sec-ch-ua-platform":"\"macOS\"","accept":"*/*","sec-fetch-site":"same-origin","sec-fetch-mode":"no-cors","sec-fetch-dest":"script","referer":"http://localhost:8080/gallery?page=7&limit=undefined","accept-encoding":"gzip, deflate, br","accept-language":"ru-RU,ru;q=0.9,en-US;q=0.8,en;q=0.7","cookie":"token=token"} 
11-10-2021 12:14:28.109 INFO  Запрос на сервер: Method - GET; 
        URL - /gallery?page=7&limit=undefined; 
        Body - {}; 
        Headers - {"host":"localhost:8080","connection":"keep-alive","sec-ch-ua":"\"Chromium\";v=\"94\", \"Google Chrome\";v=\"94\", \";Not A Brand\";v=\"99\"","sec-ch-ua-mobile":"?0","sec-ch-ua-platform":"\"macOS\"","upgrade-insecure-requests":"1","user-agent":"Mozilla/5.0 (Macintosh; Intel Mac OS X 10_15_7) AppleWebKit/537.36 (KHTML, like Gecko) Chrome/94.0.4606.81 Safari/537.36","accept":"text/html,application/xhtml+xml,application/xml;q=0.9,image/avif,image/webp,image/apng,*/*;q=0.8,application/signed-exchange;v=b3;q=0.9","sec-fetch-site":"same-origin","sec-fetch-mode":"navigate","sec-fetch-dest":"document","referer":"http://localhost:8080/gallery?page=7&limit=undefined","accept-encoding":"gzip, deflate, br","accept-language":"ru-RU,ru;q=0.9,en-US;q=0.8,en;q=0.7","cookie":"token=token","if-none-match":"W/\"3c5-5kLqDyCk55XZr/MPA64OilOCBCw\""} 
11-10-2021 12:14:28.512 INFO  Запрос на сервер: Method - GET; 
        URL - /gallery.js; 
        Body - {}; 
        Headers - {"host":"localhost:8080","connection":"keep-alive","sec-ch-ua":"\"Chromium\";v=\"94\", \"Google Chrome\";v=\"94\", \";Not A Brand\";v=\"99\"","if-none-match":"W/\"10be-17c6ea145fa\"","if-modified-since":"Mon, 11 Oct 2021 09:13:55 GMT","sec-ch-ua-mobile":"?0","user-agent":"Mozilla/5.0 (Macintosh; Intel Mac OS X 10_15_7) AppleWebKit/537.36 (KHTML, like Gecko) Chrome/94.0.4606.81 Safari/537.36","sec-ch-ua-platform":"\"macOS\"","accept":"*/*","sec-fetch-site":"same-origin","sec-fetch-mode":"no-cors","sec-fetch-dest":"script","referer":"http://localhost:8080/gallery?page=7&limit=undefined","accept-encoding":"gzip, deflate, br","accept-language":"ru-RU,ru;q=0.9,en-US;q=0.8,en;q=0.7","cookie":"token=token"} 
11-10-2021 12:14:28.579 INFO  Запрос на сервер: Method - GET; 
        URL - /gallery?page=7&limit=undefined; 
        Body - {}; 
        Headers - {"host":"localhost:8080","connection":"keep-alive","sec-ch-ua":"\"Chromium\";v=\"94\", \"Google Chrome\";v=\"94\", \";Not A Brand\";v=\"99\"","sec-ch-ua-mobile":"?0","sec-ch-ua-platform":"\"macOS\"","upgrade-insecure-requests":"1","user-agent":"Mozilla/5.0 (Macintosh; Intel Mac OS X 10_15_7) AppleWebKit/537.36 (KHTML, like Gecko) Chrome/94.0.4606.81 Safari/537.36","accept":"text/html,application/xhtml+xml,application/xml;q=0.9,image/avif,image/webp,image/apng,*/*;q=0.8,application/signed-exchange;v=b3;q=0.9","sec-fetch-site":"same-origin","sec-fetch-mode":"navigate","sec-fetch-dest":"document","referer":"http://localhost:8080/gallery?page=7&limit=undefined","accept-encoding":"gzip, deflate, br","accept-language":"ru-RU,ru;q=0.9,en-US;q=0.8,en;q=0.7","cookie":"token=token","if-none-match":"W/\"3c5-5kLqDyCk55XZr/MPA64OilOCBCw\""} 
11-10-2021 12:14:28.989 INFO  Запрос на сервер: Method - GET; 
        URL - /gallery.js; 
        Body - {}; 
        Headers - {"host":"localhost:8080","connection":"keep-alive","sec-ch-ua":"\"Chromium\";v=\"94\", \"Google Chrome\";v=\"94\", \";Not A Brand\";v=\"99\"","if-none-match":"W/\"10be-17c6ea145fa\"","if-modified-since":"Mon, 11 Oct 2021 09:13:55 GMT","sec-ch-ua-mobile":"?0","user-agent":"Mozilla/5.0 (Macintosh; Intel Mac OS X 10_15_7) AppleWebKit/537.36 (KHTML, like Gecko) Chrome/94.0.4606.81 Safari/537.36","sec-ch-ua-platform":"\"macOS\"","accept":"*/*","sec-fetch-site":"same-origin","sec-fetch-mode":"no-cors","sec-fetch-dest":"script","referer":"http://localhost:8080/gallery?page=7&limit=undefined","accept-encoding":"gzip, deflate, br","accept-language":"ru-RU,ru;q=0.9,en-US;q=0.8,en;q=0.7","cookie":"token=token"} 
11-10-2021 12:14:29.039 INFO  Запрос на сервер: Method - GET; 
        URL - /gallery?page=7&limit=undefined; 
        Body - {}; 
        Headers - {"host":"localhost:8080","connection":"keep-alive","sec-ch-ua":"\"Chromium\";v=\"94\", \"Google Chrome\";v=\"94\", \";Not A Brand\";v=\"99\"","sec-ch-ua-mobile":"?0","sec-ch-ua-platform":"\"macOS\"","upgrade-insecure-requests":"1","user-agent":"Mozilla/5.0 (Macintosh; Intel Mac OS X 10_15_7) AppleWebKit/537.36 (KHTML, like Gecko) Chrome/94.0.4606.81 Safari/537.36","accept":"text/html,application/xhtml+xml,application/xml;q=0.9,image/avif,image/webp,image/apng,*/*;q=0.8,application/signed-exchange;v=b3;q=0.9","sec-fetch-site":"same-origin","sec-fetch-mode":"navigate","sec-fetch-dest":"document","referer":"http://localhost:8080/gallery?page=7&limit=undefined","accept-encoding":"gzip, deflate, br","accept-language":"ru-RU,ru;q=0.9,en-US;q=0.8,en;q=0.7","cookie":"token=token","if-none-match":"W/\"3c5-5kLqDyCk55XZr/MPA64OilOCBCw\""} 
11-10-2021 12:14:29.444 INFO  Запрос на сервер: Method - GET; 
        URL - /gallery.js; 
        Body - {}; 
        Headers - {"host":"localhost:8080","connection":"keep-alive","sec-ch-ua":"\"Chromium\";v=\"94\", \"Google Chrome\";v=\"94\", \";Not A Brand\";v=\"99\"","if-none-match":"W/\"10be-17c6ea145fa\"","if-modified-since":"Mon, 11 Oct 2021 09:13:55 GMT","sec-ch-ua-mobile":"?0","user-agent":"Mozilla/5.0 (Macintosh; Intel Mac OS X 10_15_7) AppleWebKit/537.36 (KHTML, like Gecko) Chrome/94.0.4606.81 Safari/537.36","sec-ch-ua-platform":"\"macOS\"","accept":"*/*","sec-fetch-site":"same-origin","sec-fetch-mode":"no-cors","sec-fetch-dest":"script","referer":"http://localhost:8080/gallery?page=7&limit=undefined","accept-encoding":"gzip, deflate, br","accept-language":"ru-RU,ru;q=0.9,en-US;q=0.8,en;q=0.7","cookie":"token=token"} 
11-10-2021 12:14:29.466 INFO  Запрос на сервер: Method - GET; 
        URL - /gallery?page=7&limit=undefined; 
        Body - {}; 
        Headers - {"host":"localhost:8080","connection":"keep-alive","sec-ch-ua":"\"Chromium\";v=\"94\", \"Google Chrome\";v=\"94\", \";Not A Brand\";v=\"99\"","sec-ch-ua-mobile":"?0","sec-ch-ua-platform":"\"macOS\"","upgrade-insecure-requests":"1","user-agent":"Mozilla/5.0 (Macintosh; Intel Mac OS X 10_15_7) AppleWebKit/537.36 (KHTML, like Gecko) Chrome/94.0.4606.81 Safari/537.36","accept":"text/html,application/xhtml+xml,application/xml;q=0.9,image/avif,image/webp,image/apng,*/*;q=0.8,application/signed-exchange;v=b3;q=0.9","sec-fetch-site":"same-origin","sec-fetch-mode":"navigate","sec-fetch-dest":"document","referer":"http://localhost:8080/gallery?page=7&limit=undefined","accept-encoding":"gzip, deflate, br","accept-language":"ru-RU,ru;q=0.9,en-US;q=0.8,en;q=0.7","cookie":"token=token","if-none-match":"W/\"3c5-5kLqDyCk55XZr/MPA64OilOCBCw\""} 
11-10-2021 12:14:29.919 INFO  Запрос на сервер: Method - GET; 
        URL - /gallery.js; 
        Body - {}; 
        Headers - {"host":"localhost:8080","connection":"keep-alive","sec-ch-ua":"\"Chromium\";v=\"94\", \"Google Chrome\";v=\"94\", \";Not A Brand\";v=\"99\"","if-none-match":"W/\"10be-17c6ea145fa\"","if-modified-since":"Mon, 11 Oct 2021 09:13:55 GMT","sec-ch-ua-mobile":"?0","user-agent":"Mozilla/5.0 (Macintosh; Intel Mac OS X 10_15_7) AppleWebKit/537.36 (KHTML, like Gecko) Chrome/94.0.4606.81 Safari/537.36","sec-ch-ua-platform":"\"macOS\"","accept":"*/*","sec-fetch-site":"same-origin","sec-fetch-mode":"no-cors","sec-fetch-dest":"script","referer":"http://localhost:8080/gallery?page=7&limit=undefined","accept-encoding":"gzip, deflate, br","accept-language":"ru-RU,ru;q=0.9,en-US;q=0.8,en;q=0.7","cookie":"token=token"} 
11-10-2021 12:15:21.814 INFO  Запрос на сервер: Method - GET; 
        URL - /gallery?page=1&limit=5; 
        Body - {}; 
        Headers - {"host":"localhost:8080","connection":"keep-alive","cache-control":"max-age=0","sec-ch-ua":"\"Chromium\";v=\"94\", \"Google Chrome\";v=\"94\", \";Not A Brand\";v=\"99\"","sec-ch-ua-mobile":"?0","sec-ch-ua-platform":"\"macOS\"","upgrade-insecure-requests":"1","user-agent":"Mozilla/5.0 (Macintosh; Intel Mac OS X 10_15_7) AppleWebKit/537.36 (KHTML, like Gecko) Chrome/94.0.4606.81 Safari/537.36","accept":"text/html,application/xhtml+xml,application/xml;q=0.9,image/avif,image/webp,image/apng,*/*;q=0.8,application/signed-exchange;v=b3;q=0.9","sec-fetch-site":"none","sec-fetch-mode":"navigate","sec-fetch-user":"?1","sec-fetch-dest":"document","accept-encoding":"gzip, deflate, br","accept-language":"ru-RU,ru;q=0.9,en-US;q=0.8,en;q=0.7","cookie":"token=token","if-none-match":"W/\"604-+QDQg7DPZujUMMYUJSXU0OKkFZc\""} 
11-10-2021 12:15:22.253 INFO  Запрос на сервер: Method - GET; 
        URL - /anton-ivanov-L38IxgRzVcE-unsplash.jpg; 
        Body - {}; 
        Headers - {"host":"localhost:8080","connection":"keep-alive","sec-ch-ua":"\"Chromium\";v=\"94\", \"Google Chrome\";v=\"94\", \";Not A Brand\";v=\"99\"","sec-ch-ua-mobile":"?0","user-agent":"Mozilla/5.0 (Macintosh; Intel Mac OS X 10_15_7) AppleWebKit/537.36 (KHTML, like Gecko) Chrome/94.0.4606.81 Safari/537.36","sec-ch-ua-platform":"\"macOS\"","accept":"image/avif,image/webp,image/apng,image/svg+xml,image/*,*/*;q=0.8","sec-fetch-site":"same-origin","sec-fetch-mode":"no-cors","sec-fetch-dest":"image","referer":"http://localhost:8080/gallery?page=1&limit=5","accept-encoding":"gzip, deflate, br","accept-language":"ru-RU,ru;q=0.9,en-US;q=0.8,en;q=0.7","cookie":"token=token"} 
11-10-2021 12:15:22.255 INFO  Запрос на сервер: Method - GET; 
        URL - /christian-holzinger-3iEgF99LESk-unsplash.jpg; 
        Body - {}; 
        Headers - {"host":"localhost:8080","connection":"keep-alive","sec-ch-ua":"\"Chromium\";v=\"94\", \"Google Chrome\";v=\"94\", \";Not A Brand\";v=\"99\"","sec-ch-ua-mobile":"?0","user-agent":"Mozilla/5.0 (Macintosh; Intel Mac OS X 10_15_7) AppleWebKit/537.36 (KHTML, like Gecko) Chrome/94.0.4606.81 Safari/537.36","sec-ch-ua-platform":"\"macOS\"","accept":"image/avif,image/webp,image/apng,image/svg+xml,image/*,*/*;q=0.8","sec-fetch-site":"same-origin","sec-fetch-mode":"no-cors","sec-fetch-dest":"image","referer":"http://localhost:8080/gallery?page=1&limit=5","accept-encoding":"gzip, deflate, br","accept-language":"ru-RU,ru;q=0.9,en-US;q=0.8,en;q=0.7","cookie":"token=token"} 
11-10-2021 12:15:22.257 INFO  Запрос на сервер: Method - GET; 
        URL - /gallery.js; 
        Body - {}; 
        Headers - {"host":"localhost:8080","connection":"keep-alive","sec-ch-ua":"\"Chromium\";v=\"94\", \"Google Chrome\";v=\"94\", \";Not A Brand\";v=\"99\"","sec-ch-ua-mobile":"?0","user-agent":"Mozilla/5.0 (Macintosh; Intel Mac OS X 10_15_7) AppleWebKit/537.36 (KHTML, like Gecko) Chrome/94.0.4606.81 Safari/537.36","sec-ch-ua-platform":"\"macOS\"","accept":"*/*","sec-fetch-site":"same-origin","sec-fetch-mode":"no-cors","sec-fetch-dest":"script","referer":"http://localhost:8080/gallery?page=1&limit=5","accept-encoding":"gzip, deflate, br","accept-language":"ru-RU,ru;q=0.9,en-US;q=0.8,en;q=0.7","cookie":"token=token","if-none-match":"W/\"10be-17c6ea145fa\"","if-modified-since":"Mon, 11 Oct 2021 09:13:55 GMT"} 
11-10-2021 12:15:22.257 INFO  Запрос на сервер: Method - GET; 
        URL - /dan-burton-CuCSy7zYrdA-unsplash.jpg; 
        Body - {}; 
        Headers - {"host":"localhost:8080","connection":"keep-alive","sec-ch-ua":"\"Chromium\";v=\"94\", \"Google Chrome\";v=\"94\", \";Not A Brand\";v=\"99\"","sec-ch-ua-mobile":"?0","user-agent":"Mozilla/5.0 (Macintosh; Intel Mac OS X 10_15_7) AppleWebKit/537.36 (KHTML, like Gecko) Chrome/94.0.4606.81 Safari/537.36","sec-ch-ua-platform":"\"macOS\"","accept":"image/avif,image/webp,image/apng,image/svg+xml,image/*,*/*;q=0.8","sec-fetch-site":"same-origin","sec-fetch-mode":"no-cors","sec-fetch-dest":"image","referer":"http://localhost:8080/gallery?page=1&limit=5","accept-encoding":"gzip, deflate, br","accept-language":"ru-RU,ru;q=0.9,en-US;q=0.8,en;q=0.7","cookie":"token=token"} 
11-10-2021 12:15:22.258 INFO  Запрос на сервер: Method - GET; 
        URL - /dan-dennis-FU1mWxzUXJs-unsplash.jpg; 
        Body - {}; 
        Headers - {"host":"localhost:8080","connection":"keep-alive","sec-ch-ua":"\"Chromium\";v=\"94\", \"Google Chrome\";v=\"94\", \";Not A Brand\";v=\"99\"","sec-ch-ua-mobile":"?0","user-agent":"Mozilla/5.0 (Macintosh; Intel Mac OS X 10_15_7) AppleWebKit/537.36 (KHTML, like Gecko) Chrome/94.0.4606.81 Safari/537.36","sec-ch-ua-platform":"\"macOS\"","accept":"image/avif,image/webp,image/apng,image/svg+xml,image/*,*/*;q=0.8","sec-fetch-site":"same-origin","sec-fetch-mode":"no-cors","sec-fetch-dest":"image","referer":"http://localhost:8080/gallery?page=1&limit=5","accept-encoding":"gzip, deflate, br","accept-language":"ru-RU,ru;q=0.9,en-US;q=0.8,en;q=0.7","cookie":"token=token"} 
11-10-2021 12:15:22.258 INFO  Запрос на сервер: Method - GET; 
        URL - /danist-soh--1KpwRL-8MY-unsplash.jpg; 
        Body - {}; 
        Headers - {"host":"localhost:8080","connection":"keep-alive","sec-ch-ua":"\"Chromium\";v=\"94\", \"Google Chrome\";v=\"94\", \";Not A Brand\";v=\"99\"","sec-ch-ua-mobile":"?0","user-agent":"Mozilla/5.0 (Macintosh; Intel Mac OS X 10_15_7) AppleWebKit/537.36 (KHTML, like Gecko) Chrome/94.0.4606.81 Safari/537.36","sec-ch-ua-platform":"\"macOS\"","accept":"image/avif,image/webp,image/apng,image/svg+xml,image/*,*/*;q=0.8","sec-fetch-site":"same-origin","sec-fetch-mode":"no-cors","sec-fetch-dest":"image","referer":"http://localhost:8080/gallery?page=1&limit=5","accept-encoding":"gzip, deflate, br","accept-language":"ru-RU,ru;q=0.9,en-US;q=0.8,en;q=0.7","cookie":"token=token"} 
11-10-2021 12:15:24.647 INFO  Запрос на сервер: Method - GET; 
        URL - /gallery?page=2&limit=1; 
        Body - {}; 
        Headers - {"host":"localhost:8080","connection":"keep-alive","sec-ch-ua":"\"Chromium\";v=\"94\", \"Google Chrome\";v=\"94\", \";Not A Brand\";v=\"99\"","sec-ch-ua-mobile":"?0","sec-ch-ua-platform":"\"macOS\"","upgrade-insecure-requests":"1","user-agent":"Mozilla/5.0 (Macintosh; Intel Mac OS X 10_15_7) AppleWebKit/537.36 (KHTML, like Gecko) Chrome/94.0.4606.81 Safari/537.36","accept":"text/html,application/xhtml+xml,application/xml;q=0.9,image/avif,image/webp,image/apng,*/*;q=0.8,application/signed-exchange;v=b3;q=0.9","sec-fetch-site":"same-origin","sec-fetch-mode":"navigate","sec-fetch-dest":"document","referer":"http://localhost:8080/gallery?page=1&limit=5","accept-encoding":"gzip, deflate, br","accept-language":"ru-RU,ru;q=0.9,en-US;q=0.8,en;q=0.7","cookie":"token=token"} 
11-10-2021 12:15:25.061 INFO  Запрос на сервер: Method - GET; 
        URL - /anton-ivanov-L38IxgRzVcE-unsplash.jpg; 
        Body - {}; 
        Headers - {"host":"localhost:8080","connection":"keep-alive","sec-ch-ua":"\"Chromium\";v=\"94\", \"Google Chrome\";v=\"94\", \";Not A Brand\";v=\"99\"","sec-ch-ua-mobile":"?0","user-agent":"Mozilla/5.0 (Macintosh; Intel Mac OS X 10_15_7) AppleWebKit/537.36 (KHTML, like Gecko) Chrome/94.0.4606.81 Safari/537.36","sec-ch-ua-platform":"\"macOS\"","accept":"image/avif,image/webp,image/apng,image/svg+xml,image/*,*/*;q=0.8","sec-fetch-site":"same-origin","sec-fetch-mode":"no-cors","sec-fetch-dest":"image","referer":"http://localhost:8080/gallery?page=2&limit=1","accept-encoding":"gzip, deflate, br","accept-language":"ru-RU,ru;q=0.9,en-US;q=0.8,en;q=0.7","cookie":"token=token"} 
11-10-2021 12:15:25.062 INFO  Запрос на сервер: Method - GET; 
        URL - /gallery.js; 
        Body - {}; 
        Headers - {"host":"localhost:8080","connection":"keep-alive","sec-ch-ua":"\"Chromium\";v=\"94\", \"Google Chrome\";v=\"94\", \";Not A Brand\";v=\"99\"","if-none-match":"W/\"10e8-17c6ea25292\"","if-modified-since":"Mon, 11 Oct 2021 09:15:04 GMT","sec-ch-ua-mobile":"?0","user-agent":"Mozilla/5.0 (Macintosh; Intel Mac OS X 10_15_7) AppleWebKit/537.36 (KHTML, like Gecko) Chrome/94.0.4606.81 Safari/537.36","sec-ch-ua-platform":"\"macOS\"","accept":"*/*","sec-fetch-site":"same-origin","sec-fetch-mode":"no-cors","sec-fetch-dest":"script","referer":"http://localhost:8080/gallery?page=2&limit=1","accept-encoding":"gzip, deflate, br","accept-language":"ru-RU,ru;q=0.9,en-US;q=0.8,en;q=0.7","cookie":"token=token"} 
11-10-2021 12:15:52.451 INFO  Запрос на сервер: Method - GET; 
        URL - /gallery?page=2&limit=1; 
        Body - {}; 
        Headers - {"host":"localhost:8080","connection":"keep-alive","cache-control":"max-age=0","sec-ch-ua":"\"Chromium\";v=\"94\", \"Google Chrome\";v=\"94\", \";Not A Brand\";v=\"99\"","sec-ch-ua-mobile":"?0","sec-ch-ua-platform":"\"macOS\"","upgrade-insecure-requests":"1","user-agent":"Mozilla/5.0 (Macintosh; Intel Mac OS X 10_15_7) AppleWebKit/537.36 (KHTML, like Gecko) Chrome/94.0.4606.81 Safari/537.36","accept":"text/html,application/xhtml+xml,application/xml;q=0.9,image/avif,image/webp,image/apng,*/*;q=0.8,application/signed-exchange;v=b3;q=0.9","sec-fetch-site":"same-origin","sec-fetch-mode":"navigate","sec-fetch-user":"?1","sec-fetch-dest":"document","referer":"http://localhost:8080/gallery?page=1&limit=5","accept-encoding":"gzip, deflate, br","accept-language":"ru-RU,ru;q=0.9,en-US;q=0.8,en;q=0.7","cookie":"token=token","if-none-match":"W/\"448-AyzCKl5HFXHIZB1Yd5Ue1eQuGSI\""} 
11-10-2021 12:15:52.857 INFO  Запрос на сервер: Method - GET; 
        URL - /anton-ivanov-L38IxgRzVcE-unsplash.jpg; 
        Body - {}; 
        Headers - {"host":"localhost:8080","connection":"keep-alive","sec-ch-ua":"\"Chromium\";v=\"94\", \"Google Chrome\";v=\"94\", \";Not A Brand\";v=\"99\"","sec-ch-ua-mobile":"?0","user-agent":"Mozilla/5.0 (Macintosh; Intel Mac OS X 10_15_7) AppleWebKit/537.36 (KHTML, like Gecko) Chrome/94.0.4606.81 Safari/537.36","sec-ch-ua-platform":"\"macOS\"","accept":"image/avif,image/webp,image/apng,image/svg+xml,image/*,*/*;q=0.8","sec-fetch-site":"same-origin","sec-fetch-mode":"no-cors","sec-fetch-dest":"image","referer":"http://localhost:8080/gallery?page=2&limit=1","accept-encoding":"gzip, deflate, br","accept-language":"ru-RU,ru;q=0.9,en-US;q=0.8,en;q=0.7","cookie":"token=token"} 
11-10-2021 12:15:52.859 INFO  Запрос на сервер: Method - GET; 
        URL - /gallery.js; 
        Body - {}; 
        Headers - {"host":"localhost:8080","connection":"keep-alive","sec-ch-ua":"\"Chromium\";v=\"94\", \"Google Chrome\";v=\"94\", \";Not A Brand\";v=\"99\"","if-none-match":"W/\"10e8-17c6ea25292\"","if-modified-since":"Mon, 11 Oct 2021 09:15:04 GMT","sec-ch-ua-mobile":"?0","user-agent":"Mozilla/5.0 (Macintosh; Intel Mac OS X 10_15_7) AppleWebKit/537.36 (KHTML, like Gecko) Chrome/94.0.4606.81 Safari/537.36","sec-ch-ua-platform":"\"macOS\"","accept":"*/*","sec-fetch-site":"same-origin","sec-fetch-mode":"no-cors","sec-fetch-dest":"script","referer":"http://localhost:8080/gallery?page=2&limit=1","accept-encoding":"gzip, deflate, br","accept-language":"ru-RU,ru;q=0.9,en-US;q=0.8,en;q=0.7","cookie":"token=token"} 
11-10-2021 12:15:55.934 INFO  Запрос на сервер: Method - GET; 
        URL - /gallery?page=2&limit=5; 
        Body - {}; 
        Headers - {"host":"localhost:8080","connection":"keep-alive","sec-ch-ua":"\"Chromium\";v=\"94\", \"Google Chrome\";v=\"94\", \";Not A Brand\";v=\"99\"","sec-ch-ua-mobile":"?0","sec-ch-ua-platform":"\"macOS\"","upgrade-insecure-requests":"1","user-agent":"Mozilla/5.0 (Macintosh; Intel Mac OS X 10_15_7) AppleWebKit/537.36 (KHTML, like Gecko) Chrome/94.0.4606.81 Safari/537.36","accept":"text/html,application/xhtml+xml,application/xml;q=0.9,image/avif,image/webp,image/apng,*/*;q=0.8,application/signed-exchange;v=b3;q=0.9","sec-fetch-site":"none","sec-fetch-mode":"navigate","sec-fetch-user":"?1","sec-fetch-dest":"document","accept-encoding":"gzip, deflate, br","accept-language":"ru-RU,ru;q=0.9,en-US;q=0.8,en;q=0.7","cookie":"token=token"} 
11-10-2021 12:15:56.334 INFO  Запрос на сервер: Method - GET; 
        URL - /anton-ivanov-L38IxgRzVcE-unsplash.jpg; 
        Body - {}; 
        Headers - {"host":"localhost:8080","connection":"keep-alive","sec-ch-ua":"\"Chromium\";v=\"94\", \"Google Chrome\";v=\"94\", \";Not A Brand\";v=\"99\"","sec-ch-ua-mobile":"?0","user-agent":"Mozilla/5.0 (Macintosh; Intel Mac OS X 10_15_7) AppleWebKit/537.36 (KHTML, like Gecko) Chrome/94.0.4606.81 Safari/537.36","sec-ch-ua-platform":"\"macOS\"","accept":"image/avif,image/webp,image/apng,image/svg+xml,image/*,*/*;q=0.8","sec-fetch-site":"same-origin","sec-fetch-mode":"no-cors","sec-fetch-dest":"image","referer":"http://localhost:8080/gallery?page=2&limit=5","accept-encoding":"gzip, deflate, br","accept-language":"ru-RU,ru;q=0.9,en-US;q=0.8,en;q=0.7","cookie":"token=token"} 
11-10-2021 12:15:56.335 INFO  Запрос на сервер: Method - GET; 
        URL - /christian-holzinger-3iEgF99LESk-unsplash.jpg; 
        Body - {}; 
        Headers - {"host":"localhost:8080","connection":"keep-alive","sec-ch-ua":"\"Chromium\";v=\"94\", \"Google Chrome\";v=\"94\", \";Not A Brand\";v=\"99\"","sec-ch-ua-mobile":"?0","user-agent":"Mozilla/5.0 (Macintosh; Intel Mac OS X 10_15_7) AppleWebKit/537.36 (KHTML, like Gecko) Chrome/94.0.4606.81 Safari/537.36","sec-ch-ua-platform":"\"macOS\"","accept":"image/avif,image/webp,image/apng,image/svg+xml,image/*,*/*;q=0.8","sec-fetch-site":"same-origin","sec-fetch-mode":"no-cors","sec-fetch-dest":"image","referer":"http://localhost:8080/gallery?page=2&limit=5","accept-encoding":"gzip, deflate, br","accept-language":"ru-RU,ru;q=0.9,en-US;q=0.8,en;q=0.7","cookie":"token=token"} 
11-10-2021 12:15:56.338 INFO  Запрос на сервер: Method - GET; 
        URL - /gallery.js; 
        Body - {}; 
        Headers - {"host":"localhost:8080","connection":"keep-alive","sec-ch-ua":"\"Chromium\";v=\"94\", \"Google Chrome\";v=\"94\", \";Not A Brand\";v=\"99\"","if-none-match":"W/\"110a-17c6ea30439\"","if-modified-since":"Mon, 11 Oct 2021 09:15:49 GMT","sec-ch-ua-mobile":"?0","user-agent":"Mozilla/5.0 (Macintosh; Intel Mac OS X 10_15_7) AppleWebKit/537.36 (KHTML, like Gecko) Chrome/94.0.4606.81 Safari/537.36","sec-ch-ua-platform":"\"macOS\"","accept":"*/*","sec-fetch-site":"same-origin","sec-fetch-mode":"no-cors","sec-fetch-dest":"script","referer":"http://localhost:8080/gallery?page=2&limit=5","accept-encoding":"gzip, deflate, br","accept-language":"ru-RU,ru;q=0.9,en-US;q=0.8,en;q=0.7","cookie":"token=token"} 
11-10-2021 12:15:56.340 INFO  Запрос на сервер: Method - GET; 
        URL - /dan-burton-CuCSy7zYrdA-unsplash.jpg; 
        Body - {}; 
        Headers - {"host":"localhost:8080","connection":"keep-alive","sec-ch-ua":"\"Chromium\";v=\"94\", \"Google Chrome\";v=\"94\", \";Not A Brand\";v=\"99\"","sec-ch-ua-mobile":"?0","user-agent":"Mozilla/5.0 (Macintosh; Intel Mac OS X 10_15_7) AppleWebKit/537.36 (KHTML, like Gecko) Chrome/94.0.4606.81 Safari/537.36","sec-ch-ua-platform":"\"macOS\"","accept":"image/avif,image/webp,image/apng,image/svg+xml,image/*,*/*;q=0.8","sec-fetch-site":"same-origin","sec-fetch-mode":"no-cors","sec-fetch-dest":"image","referer":"http://localhost:8080/gallery?page=2&limit=5","accept-encoding":"gzip, deflate, br","accept-language":"ru-RU,ru;q=0.9,en-US;q=0.8,en;q=0.7","cookie":"token=token"} 
11-10-2021 12:15:56.341 INFO  Запрос на сервер: Method - GET; 
        URL - /dan-dennis-FU1mWxzUXJs-unsplash.jpg; 
        Body - {}; 
        Headers - {"host":"localhost:8080","connection":"keep-alive","sec-ch-ua":"\"Chromium\";v=\"94\", \"Google Chrome\";v=\"94\", \";Not A Brand\";v=\"99\"","sec-ch-ua-mobile":"?0","user-agent":"Mozilla/5.0 (Macintosh; Intel Mac OS X 10_15_7) AppleWebKit/537.36 (KHTML, like Gecko) Chrome/94.0.4606.81 Safari/537.36","sec-ch-ua-platform":"\"macOS\"","accept":"image/avif,image/webp,image/apng,image/svg+xml,image/*,*/*;q=0.8","sec-fetch-site":"same-origin","sec-fetch-mode":"no-cors","sec-fetch-dest":"image","referer":"http://localhost:8080/gallery?page=2&limit=5","accept-encoding":"gzip, deflate, br","accept-language":"ru-RU,ru;q=0.9,en-US;q=0.8,en;q=0.7","cookie":"token=token"} 
11-10-2021 12:15:56.342 INFO  Запрос на сервер: Method - GET; 
        URL - /danist-soh--1KpwRL-8MY-unsplash.jpg; 
        Body - {}; 
        Headers - {"host":"localhost:8080","connection":"keep-alive","sec-ch-ua":"\"Chromium\";v=\"94\", \"Google Chrome\";v=\"94\", \";Not A Brand\";v=\"99\"","sec-ch-ua-mobile":"?0","user-agent":"Mozilla/5.0 (Macintosh; Intel Mac OS X 10_15_7) AppleWebKit/537.36 (KHTML, like Gecko) Chrome/94.0.4606.81 Safari/537.36","sec-ch-ua-platform":"\"macOS\"","accept":"image/avif,image/webp,image/apng,image/svg+xml,image/*,*/*;q=0.8","sec-fetch-site":"same-origin","sec-fetch-mode":"no-cors","sec-fetch-dest":"image","referer":"http://localhost:8080/gallery?page=2&limit=5","accept-encoding":"gzip, deflate, br","accept-language":"ru-RU,ru;q=0.9,en-US;q=0.8,en;q=0.7","cookie":"token=token"} 
11-10-2021 12:15:57.471 INFO  Запрос на сервер: Method - GET; 
        URL - /gallery?page=3&limit=1; 
        Body - {}; 
        Headers - {"host":"localhost:8080","connection":"keep-alive","sec-ch-ua":"\"Chromium\";v=\"94\", \"Google Chrome\";v=\"94\", \";Not A Brand\";v=\"99\"","sec-ch-ua-mobile":"?0","sec-ch-ua-platform":"\"macOS\"","upgrade-insecure-requests":"1","user-agent":"Mozilla/5.0 (Macintosh; Intel Mac OS X 10_15_7) AppleWebKit/537.36 (KHTML, like Gecko) Chrome/94.0.4606.81 Safari/537.36","accept":"text/html,application/xhtml+xml,application/xml;q=0.9,image/avif,image/webp,image/apng,*/*;q=0.8,application/signed-exchange;v=b3;q=0.9","sec-fetch-site":"same-origin","sec-fetch-mode":"navigate","sec-fetch-dest":"document","referer":"http://localhost:8080/gallery?page=2&limit=5","accept-encoding":"gzip, deflate, br","accept-language":"ru-RU,ru;q=0.9,en-US;q=0.8,en;q=0.7","cookie":"token=token"} 
11-10-2021 12:15:57.871 INFO  Запрос на сервер: Method - GET; 
        URL - /anton-ivanov-L38IxgRzVcE-unsplash.jpg; 
        Body - {}; 
        Headers - {"host":"localhost:8080","connection":"keep-alive","sec-ch-ua":"\"Chromium\";v=\"94\", \"Google Chrome\";v=\"94\", \";Not A Brand\";v=\"99\"","sec-ch-ua-mobile":"?0","user-agent":"Mozilla/5.0 (Macintosh; Intel Mac OS X 10_15_7) AppleWebKit/537.36 (KHTML, like Gecko) Chrome/94.0.4606.81 Safari/537.36","sec-ch-ua-platform":"\"macOS\"","accept":"image/avif,image/webp,image/apng,image/svg+xml,image/*,*/*;q=0.8","sec-fetch-site":"same-origin","sec-fetch-mode":"no-cors","sec-fetch-dest":"image","referer":"http://localhost:8080/gallery?page=3&limit=1","accept-encoding":"gzip, deflate, br","accept-language":"ru-RU,ru;q=0.9,en-US;q=0.8,en;q=0.7","cookie":"token=token"} 
11-10-2021 12:15:57.874 INFO  Запрос на сервер: Method - GET; 
        URL - /gallery.js; 
        Body - {}; 
        Headers - {"host":"localhost:8080","connection":"keep-alive","sec-ch-ua":"\"Chromium\";v=\"94\", \"Google Chrome\";v=\"94\", \";Not A Brand\";v=\"99\"","if-none-match":"W/\"110a-17c6ea30439\"","if-modified-since":"Mon, 11 Oct 2021 09:15:49 GMT","sec-ch-ua-mobile":"?0","user-agent":"Mozilla/5.0 (Macintosh; Intel Mac OS X 10_15_7) AppleWebKit/537.36 (KHTML, like Gecko) Chrome/94.0.4606.81 Safari/537.36","sec-ch-ua-platform":"\"macOS\"","accept":"*/*","sec-fetch-site":"same-origin","sec-fetch-mode":"no-cors","sec-fetch-dest":"script","referer":"http://localhost:8080/gallery?page=3&limit=1","accept-encoding":"gzip, deflate, br","accept-language":"ru-RU,ru;q=0.9,en-US;q=0.8,en;q=0.7","cookie":"token=token"} 
11-10-2021 12:17:13.227 INFO  Запрос на сервер: Method - GET; 
        URL - /gallery?page=3&limit=1; 
        Body - {}; 
        Headers - {"host":"localhost:8080","connection":"keep-alive","cache-control":"max-age=0","sec-ch-ua":"\"Chromium\";v=\"94\", \"Google Chrome\";v=\"94\", \";Not A Brand\";v=\"99\"","sec-ch-ua-mobile":"?0","sec-ch-ua-platform":"\"macOS\"","upgrade-insecure-requests":"1","user-agent":"Mozilla/5.0 (Macintosh; Intel Mac OS X 10_15_7) AppleWebKit/537.36 (KHTML, like Gecko) Chrome/94.0.4606.81 Safari/537.36","accept":"text/html,application/xhtml+xml,application/xml;q=0.9,image/avif,image/webp,image/apng,*/*;q=0.8,application/signed-exchange;v=b3;q=0.9","sec-fetch-site":"same-origin","sec-fetch-mode":"navigate","sec-fetch-user":"?1","sec-fetch-dest":"document","referer":"http://localhost:8080/gallery?page=2&limit=5","accept-encoding":"gzip, deflate, br","accept-language":"ru-RU,ru;q=0.9,en-US;q=0.8,en;q=0.7","cookie":"token=token","if-none-match":"W/\"448-AyzCKl5HFXHIZB1Yd5Ue1eQuGSI\""} 
11-10-2021 12:17:13.703 INFO  Запрос на сервер: Method - GET; 
        URL - /anton-ivanov-L38IxgRzVcE-unsplash.jpg; 
        Body - {}; 
        Headers - {"host":"localhost:8080","connection":"keep-alive","sec-ch-ua":"\"Chromium\";v=\"94\", \"Google Chrome\";v=\"94\", \";Not A Brand\";v=\"99\"","sec-ch-ua-mobile":"?0","user-agent":"Mozilla/5.0 (Macintosh; Intel Mac OS X 10_15_7) AppleWebKit/537.36 (KHTML, like Gecko) Chrome/94.0.4606.81 Safari/537.36","sec-ch-ua-platform":"\"macOS\"","accept":"image/avif,image/webp,image/apng,image/svg+xml,image/*,*/*;q=0.8","sec-fetch-site":"same-origin","sec-fetch-mode":"no-cors","sec-fetch-dest":"image","referer":"http://localhost:8080/gallery?page=3&limit=1","accept-encoding":"gzip, deflate, br","accept-language":"ru-RU,ru;q=0.9,en-US;q=0.8,en;q=0.7","cookie":"token=token"} 
11-10-2021 12:17:13.705 INFO  Запрос на сервер: Method - GET; 
        URL - /gallery.js; 
        Body - {}; 
        Headers - {"host":"localhost:8080","connection":"keep-alive","sec-ch-ua":"\"Chromium\";v=\"94\", \"Google Chrome\";v=\"94\", \";Not A Brand\";v=\"99\"","if-none-match":"W/\"110a-17c6ea30439\"","if-modified-since":"Mon, 11 Oct 2021 09:15:49 GMT","sec-ch-ua-mobile":"?0","user-agent":"Mozilla/5.0 (Macintosh; Intel Mac OS X 10_15_7) AppleWebKit/537.36 (KHTML, like Gecko) Chrome/94.0.4606.81 Safari/537.36","sec-ch-ua-platform":"\"macOS\"","accept":"*/*","sec-fetch-site":"same-origin","sec-fetch-mode":"no-cors","sec-fetch-dest":"script","referer":"http://localhost:8080/gallery?page=3&limit=1","accept-encoding":"gzip, deflate, br","accept-language":"ru-RU,ru;q=0.9,en-US;q=0.8,en;q=0.7","cookie":"token=token"} 
11-10-2021 12:17:33.235 INFO  Запрос на сервер: Method - GET; 
        URL - /gallery?page=3&limit=1; 
        Body - {}; 
        Headers - {"host":"localhost:8080","connection":"keep-alive","cache-control":"max-age=0","sec-ch-ua":"\"Chromium\";v=\"94\", \"Google Chrome\";v=\"94\", \";Not A Brand\";v=\"99\"","sec-ch-ua-mobile":"?0","sec-ch-ua-platform":"\"macOS\"","upgrade-insecure-requests":"1","user-agent":"Mozilla/5.0 (Macintosh; Intel Mac OS X 10_15_7) AppleWebKit/537.36 (KHTML, like Gecko) Chrome/94.0.4606.81 Safari/537.36","accept":"text/html,application/xhtml+xml,application/xml;q=0.9,image/avif,image/webp,image/apng,*/*;q=0.8,application/signed-exchange;v=b3;q=0.9","sec-fetch-site":"same-origin","sec-fetch-mode":"navigate","sec-fetch-user":"?1","sec-fetch-dest":"document","referer":"http://localhost:8080/gallery?page=2&limit=5","accept-encoding":"gzip, deflate, br","accept-language":"ru-RU,ru;q=0.9,en-US;q=0.8,en;q=0.7","cookie":"token=token","if-none-match":"W/\"448-AyzCKl5HFXHIZB1Yd5Ue1eQuGSI\""} 
11-10-2021 12:17:33.676 INFO  Запрос на сервер: Method - GET; 
        URL - /anton-ivanov-L38IxgRzVcE-unsplash.jpg; 
        Body - {}; 
        Headers - {"host":"localhost:8080","connection":"keep-alive","sec-ch-ua":"\"Chromium\";v=\"94\", \"Google Chrome\";v=\"94\", \";Not A Brand\";v=\"99\"","sec-ch-ua-mobile":"?0","user-agent":"Mozilla/5.0 (Macintosh; Intel Mac OS X 10_15_7) AppleWebKit/537.36 (KHTML, like Gecko) Chrome/94.0.4606.81 Safari/537.36","sec-ch-ua-platform":"\"macOS\"","accept":"image/avif,image/webp,image/apng,image/svg+xml,image/*,*/*;q=0.8","sec-fetch-site":"same-origin","sec-fetch-mode":"no-cors","sec-fetch-dest":"image","referer":"http://localhost:8080/gallery?page=3&limit=1","accept-encoding":"gzip, deflate, br","accept-language":"ru-RU,ru;q=0.9,en-US;q=0.8,en;q=0.7","cookie":"token=token"} 
11-10-2021 12:17:33.677 INFO  Запрос на сервер: Method - GET; 
        URL - /gallery.js; 
        Body - {}; 
        Headers - {"host":"localhost:8080","connection":"keep-alive","sec-ch-ua":"\"Chromium\";v=\"94\", \"Google Chrome\";v=\"94\", \";Not A Brand\";v=\"99\"","if-none-match":"W/\"1127-17c6ea44036\"","if-modified-since":"Mon, 11 Oct 2021 09:17:10 GMT","sec-ch-ua-mobile":"?0","user-agent":"Mozilla/5.0 (Macintosh; Intel Mac OS X 10_15_7) AppleWebKit/537.36 (KHTML, like Gecko) Chrome/94.0.4606.81 Safari/537.36","sec-ch-ua-platform":"\"macOS\"","accept":"*/*","sec-fetch-site":"same-origin","sec-fetch-mode":"no-cors","sec-fetch-dest":"script","referer":"http://localhost:8080/gallery?page=3&limit=1","accept-encoding":"gzip, deflate, br","accept-language":"ru-RU,ru;q=0.9,en-US;q=0.8,en;q=0.7","cookie":"token=token"} 
11-10-2021 12:18:23.229 INFO  Запрос на сервер: Method - GET; 
        URL - /gallery?page=3&limit=5; 
        Body - {}; 
        Headers - {"host":"localhost:8080","connection":"keep-alive","sec-ch-ua":"\"Chromium\";v=\"94\", \"Google Chrome\";v=\"94\", \";Not A Brand\";v=\"99\"","sec-ch-ua-mobile":"?0","sec-ch-ua-platform":"\"macOS\"","upgrade-insecure-requests":"1","user-agent":"Mozilla/5.0 (Macintosh; Intel Mac OS X 10_15_7) AppleWebKit/537.36 (KHTML, like Gecko) Chrome/94.0.4606.81 Safari/537.36","accept":"text/html,application/xhtml+xml,application/xml;q=0.9,image/avif,image/webp,image/apng,*/*;q=0.8,application/signed-exchange;v=b3;q=0.9","sec-fetch-site":"none","sec-fetch-mode":"navigate","sec-fetch-user":"?1","sec-fetch-dest":"document","accept-encoding":"gzip, deflate, br","accept-language":"ru-RU,ru;q=0.9,en-US;q=0.8,en;q=0.7","cookie":"token=token"} 
11-10-2021 12:18:23.689 INFO  Запрос на сервер: Method - GET; 
        URL - /anton-ivanov-L38IxgRzVcE-unsplash.jpg; 
        Body - {}; 
        Headers - {"host":"localhost:8080","connection":"keep-alive","sec-ch-ua":"\"Chromium\";v=\"94\", \"Google Chrome\";v=\"94\", \";Not A Brand\";v=\"99\"","sec-ch-ua-mobile":"?0","user-agent":"Mozilla/5.0 (Macintosh; Intel Mac OS X 10_15_7) AppleWebKit/537.36 (KHTML, like Gecko) Chrome/94.0.4606.81 Safari/537.36","sec-ch-ua-platform":"\"macOS\"","accept":"image/avif,image/webp,image/apng,image/svg+xml,image/*,*/*;q=0.8","sec-fetch-site":"same-origin","sec-fetch-mode":"no-cors","sec-fetch-dest":"image","referer":"http://localhost:8080/gallery?page=3&limit=5","accept-encoding":"gzip, deflate, br","accept-language":"ru-RU,ru;q=0.9,en-US;q=0.8,en;q=0.7","cookie":"token=token"} 
11-10-2021 12:18:23.690 INFO  Запрос на сервер: Method - GET; 
        URL - /christian-holzinger-3iEgF99LESk-unsplash.jpg; 
        Body - {}; 
        Headers - {"host":"localhost:8080","connection":"keep-alive","sec-ch-ua":"\"Chromium\";v=\"94\", \"Google Chrome\";v=\"94\", \";Not A Brand\";v=\"99\"","sec-ch-ua-mobile":"?0","user-agent":"Mozilla/5.0 (Macintosh; Intel Mac OS X 10_15_7) AppleWebKit/537.36 (KHTML, like Gecko) Chrome/94.0.4606.81 Safari/537.36","sec-ch-ua-platform":"\"macOS\"","accept":"image/avif,image/webp,image/apng,image/svg+xml,image/*,*/*;q=0.8","sec-fetch-site":"same-origin","sec-fetch-mode":"no-cors","sec-fetch-dest":"image","referer":"http://localhost:8080/gallery?page=3&limit=5","accept-encoding":"gzip, deflate, br","accept-language":"ru-RU,ru;q=0.9,en-US;q=0.8,en;q=0.7","cookie":"token=token"} 
11-10-2021 12:18:23.692 INFO  Запрос на сервер: Method - GET; 
        URL - /dan-burton-CuCSy7zYrdA-unsplash.jpg; 
        Body - {}; 
        Headers - {"host":"localhost:8080","connection":"keep-alive","sec-ch-ua":"\"Chromium\";v=\"94\", \"Google Chrome\";v=\"94\", \";Not A Brand\";v=\"99\"","sec-ch-ua-mobile":"?0","user-agent":"Mozilla/5.0 (Macintosh; Intel Mac OS X 10_15_7) AppleWebKit/537.36 (KHTML, like Gecko) Chrome/94.0.4606.81 Safari/537.36","sec-ch-ua-platform":"\"macOS\"","accept":"image/avif,image/webp,image/apng,image/svg+xml,image/*,*/*;q=0.8","sec-fetch-site":"same-origin","sec-fetch-mode":"no-cors","sec-fetch-dest":"image","referer":"http://localhost:8080/gallery?page=3&limit=5","accept-encoding":"gzip, deflate, br","accept-language":"ru-RU,ru;q=0.9,en-US;q=0.8,en;q=0.7","cookie":"token=token"} 
11-10-2021 12:18:23.692 INFO  Запрос на сервер: Method - GET; 
        URL - /dan-dennis-FU1mWxzUXJs-unsplash.jpg; 
        Body - {}; 
        Headers - {"host":"localhost:8080","connection":"keep-alive","sec-ch-ua":"\"Chromium\";v=\"94\", \"Google Chrome\";v=\"94\", \";Not A Brand\";v=\"99\"","sec-ch-ua-mobile":"?0","user-agent":"Mozilla/5.0 (Macintosh; Intel Mac OS X 10_15_7) AppleWebKit/537.36 (KHTML, like Gecko) Chrome/94.0.4606.81 Safari/537.36","sec-ch-ua-platform":"\"macOS\"","accept":"image/avif,image/webp,image/apng,image/svg+xml,image/*,*/*;q=0.8","sec-fetch-site":"same-origin","sec-fetch-mode":"no-cors","sec-fetch-dest":"image","referer":"http://localhost:8080/gallery?page=3&limit=5","accept-encoding":"gzip, deflate, br","accept-language":"ru-RU,ru;q=0.9,en-US;q=0.8,en;q=0.7","cookie":"token=token"} 
11-10-2021 12:18:23.693 INFO  Запрос на сервер: Method - GET; 
        URL - /danist-soh--1KpwRL-8MY-unsplash.jpg; 
        Body - {}; 
        Headers - {"host":"localhost:8080","connection":"keep-alive","sec-ch-ua":"\"Chromium\";v=\"94\", \"Google Chrome\";v=\"94\", \";Not A Brand\";v=\"99\"","sec-ch-ua-mobile":"?0","user-agent":"Mozilla/5.0 (Macintosh; Intel Mac OS X 10_15_7) AppleWebKit/537.36 (KHTML, like Gecko) Chrome/94.0.4606.81 Safari/537.36","sec-ch-ua-platform":"\"macOS\"","accept":"image/avif,image/webp,image/apng,image/svg+xml,image/*,*/*;q=0.8","sec-fetch-site":"same-origin","sec-fetch-mode":"no-cors","sec-fetch-dest":"image","referer":"http://localhost:8080/gallery?page=3&limit=5","accept-encoding":"gzip, deflate, br","accept-language":"ru-RU,ru;q=0.9,en-US;q=0.8,en;q=0.7","cookie":"token=token"} 
11-10-2021 12:18:23.693 INFO  Запрос на сервер: Method - GET; 
        URL - /gallery.js; 
        Body - {}; 
        Headers - {"host":"localhost:8080","connection":"keep-alive","sec-ch-ua":"\"Chromium\";v=\"94\", \"Google Chrome\";v=\"94\", \";Not A Brand\";v=\"99\"","if-none-match":"W/\"1137-17c6ea492b9\"","if-modified-since":"Mon, 11 Oct 2021 09:17:31 GMT","sec-ch-ua-mobile":"?0","user-agent":"Mozilla/5.0 (Macintosh; Intel Mac OS X 10_15_7) AppleWebKit/537.36 (KHTML, like Gecko) Chrome/94.0.4606.81 Safari/537.36","sec-ch-ua-platform":"\"macOS\"","accept":"*/*","sec-fetch-site":"same-origin","sec-fetch-mode":"no-cors","sec-fetch-dest":"script","referer":"http://localhost:8080/gallery?page=3&limit=5","accept-encoding":"gzip, deflate, br","accept-language":"ru-RU,ru;q=0.9,en-US;q=0.8,en;q=0.7","cookie":"token=token"} 
11-10-2021 12:18:27.345 INFO  Запрос на сервер: Method - GET; 
        URL - /gallery?page=4&limit=1; 
        Body - {}; 
        Headers - {"host":"localhost:8080","connection":"keep-alive","sec-ch-ua":"\"Chromium\";v=\"94\", \"Google Chrome\";v=\"94\", \";Not A Brand\";v=\"99\"","sec-ch-ua-mobile":"?0","sec-ch-ua-platform":"\"macOS\"","upgrade-insecure-requests":"1","user-agent":"Mozilla/5.0 (Macintosh; Intel Mac OS X 10_15_7) AppleWebKit/537.36 (KHTML, like Gecko) Chrome/94.0.4606.81 Safari/537.36","accept":"text/html,application/xhtml+xml,application/xml;q=0.9,image/avif,image/webp,image/apng,*/*;q=0.8,application/signed-exchange;v=b3;q=0.9","sec-fetch-site":"same-origin","sec-fetch-mode":"navigate","sec-fetch-dest":"document","referer":"http://localhost:8080/gallery?page=3&limit=5","accept-encoding":"gzip, deflate, br","accept-language":"ru-RU,ru;q=0.9,en-US;q=0.8,en;q=0.7","cookie":"token=token"} 
11-10-2021 12:18:27.738 INFO  Запрос на сервер: Method - GET; 
        URL - /anton-ivanov-L38IxgRzVcE-unsplash.jpg; 
        Body - {}; 
        Headers - {"host":"localhost:8080","connection":"keep-alive","sec-ch-ua":"\"Chromium\";v=\"94\", \"Google Chrome\";v=\"94\", \";Not A Brand\";v=\"99\"","sec-ch-ua-mobile":"?0","user-agent":"Mozilla/5.0 (Macintosh; Intel Mac OS X 10_15_7) AppleWebKit/537.36 (KHTML, like Gecko) Chrome/94.0.4606.81 Safari/537.36","sec-ch-ua-platform":"\"macOS\"","accept":"image/avif,image/webp,image/apng,image/svg+xml,image/*,*/*;q=0.8","sec-fetch-site":"same-origin","sec-fetch-mode":"no-cors","sec-fetch-dest":"image","referer":"http://localhost:8080/gallery?page=4&limit=1","accept-encoding":"gzip, deflate, br","accept-language":"ru-RU,ru;q=0.9,en-US;q=0.8,en;q=0.7","cookie":"token=token"} 
11-10-2021 12:18:27.739 INFO  Запрос на сервер: Method - GET; 
        URL - /gallery.js; 
        Body - {}; 
        Headers - {"host":"localhost:8080","connection":"keep-alive","sec-ch-ua":"\"Chromium\";v=\"94\", \"Google Chrome\";v=\"94\", \";Not A Brand\";v=\"99\"","if-none-match":"W/\"110a-17c6ea4d84a\"","if-modified-since":"Mon, 11 Oct 2021 09:17:49 GMT","sec-ch-ua-mobile":"?0","user-agent":"Mozilla/5.0 (Macintosh; Intel Mac OS X 10_15_7) AppleWebKit/537.36 (KHTML, like Gecko) Chrome/94.0.4606.81 Safari/537.36","sec-ch-ua-platform":"\"macOS\"","accept":"*/*","sec-fetch-site":"same-origin","sec-fetch-mode":"no-cors","sec-fetch-dest":"script","referer":"http://localhost:8080/gallery?page=4&limit=1","accept-encoding":"gzip, deflate, br","accept-language":"ru-RU,ru;q=0.9,en-US;q=0.8,en;q=0.7","cookie":"token=token"} 
11-10-2021 12:19:40.961 INFO  Запрос на сервер: Method - GET; 
        URL - /gallery?page=4&limit=5; 
        Body - {}; 
        Headers - {"host":"localhost:8080","connection":"keep-alive","sec-ch-ua":"\"Chromium\";v=\"94\", \"Google Chrome\";v=\"94\", \";Not A Brand\";v=\"99\"","sec-ch-ua-mobile":"?0","sec-ch-ua-platform":"\"macOS\"","upgrade-insecure-requests":"1","user-agent":"Mozilla/5.0 (Macintosh; Intel Mac OS X 10_15_7) AppleWebKit/537.36 (KHTML, like Gecko) Chrome/94.0.4606.81 Safari/537.36","accept":"text/html,application/xhtml+xml,application/xml;q=0.9,image/avif,image/webp,image/apng,*/*;q=0.8,application/signed-exchange;v=b3;q=0.9","sec-fetch-site":"none","sec-fetch-mode":"navigate","sec-fetch-user":"?1","sec-fetch-dest":"document","accept-encoding":"gzip, deflate, br","accept-language":"ru-RU,ru;q=0.9,en-US;q=0.8,en;q=0.7","cookie":"token=token"} 
11-10-2021 12:19:41.390 INFO  Запрос на сервер: Method - GET; 
        URL - /anton-ivanov-L38IxgRzVcE-unsplash.jpg; 
        Body - {}; 
        Headers - {"host":"localhost:8080","connection":"keep-alive","sec-ch-ua":"\"Chromium\";v=\"94\", \"Google Chrome\";v=\"94\", \";Not A Brand\";v=\"99\"","sec-ch-ua-mobile":"?0","user-agent":"Mozilla/5.0 (Macintosh; Intel Mac OS X 10_15_7) AppleWebKit/537.36 (KHTML, like Gecko) Chrome/94.0.4606.81 Safari/537.36","sec-ch-ua-platform":"\"macOS\"","accept":"image/avif,image/webp,image/apng,image/svg+xml,image/*,*/*;q=0.8","sec-fetch-site":"same-origin","sec-fetch-mode":"no-cors","sec-fetch-dest":"image","referer":"http://localhost:8080/gallery?page=4&limit=5","accept-encoding":"gzip, deflate, br","accept-language":"ru-RU,ru;q=0.9,en-US;q=0.8,en;q=0.7","cookie":"token=token"} 
11-10-2021 12:19:41.390 INFO  Запрос на сервер: Method - GET; 
        URL - /christian-holzinger-3iEgF99LESk-unsplash.jpg; 
        Body - {}; 
        Headers - {"host":"localhost:8080","connection":"keep-alive","sec-ch-ua":"\"Chromium\";v=\"94\", \"Google Chrome\";v=\"94\", \";Not A Brand\";v=\"99\"","sec-ch-ua-mobile":"?0","user-agent":"Mozilla/5.0 (Macintosh; Intel Mac OS X 10_15_7) AppleWebKit/537.36 (KHTML, like Gecko) Chrome/94.0.4606.81 Safari/537.36","sec-ch-ua-platform":"\"macOS\"","accept":"image/avif,image/webp,image/apng,image/svg+xml,image/*,*/*;q=0.8","sec-fetch-site":"same-origin","sec-fetch-mode":"no-cors","sec-fetch-dest":"image","referer":"http://localhost:8080/gallery?page=4&limit=5","accept-encoding":"gzip, deflate, br","accept-language":"ru-RU,ru;q=0.9,en-US;q=0.8,en;q=0.7","cookie":"token=token"} 
11-10-2021 12:19:41.392 INFO  Запрос на сервер: Method - GET; 
        URL - /dan-burton-CuCSy7zYrdA-unsplash.jpg; 
        Body - {}; 
        Headers - {"host":"localhost:8080","connection":"keep-alive","sec-ch-ua":"\"Chromium\";v=\"94\", \"Google Chrome\";v=\"94\", \";Not A Brand\";v=\"99\"","sec-ch-ua-mobile":"?0","user-agent":"Mozilla/5.0 (Macintosh; Intel Mac OS X 10_15_7) AppleWebKit/537.36 (KHTML, like Gecko) Chrome/94.0.4606.81 Safari/537.36","sec-ch-ua-platform":"\"macOS\"","accept":"image/avif,image/webp,image/apng,image/svg+xml,image/*,*/*;q=0.8","sec-fetch-site":"same-origin","sec-fetch-mode":"no-cors","sec-fetch-dest":"image","referer":"http://localhost:8080/gallery?page=4&limit=5","accept-encoding":"gzip, deflate, br","accept-language":"ru-RU,ru;q=0.9,en-US;q=0.8,en;q=0.7","cookie":"token=token"} 
11-10-2021 12:19:41.393 INFO  Запрос на сервер: Method - GET; 
        URL - /gallery.js; 
        Body - {}; 
        Headers - {"host":"localhost:8080","connection":"keep-alive","sec-ch-ua":"\"Chromium\";v=\"94\", \"Google Chrome\";v=\"94\", \";Not A Brand\";v=\"99\"","if-none-match":"W/\"110a-17c6ea4d84a\"","if-modified-since":"Mon, 11 Oct 2021 09:17:49 GMT","sec-ch-ua-mobile":"?0","user-agent":"Mozilla/5.0 (Macintosh; Intel Mac OS X 10_15_7) AppleWebKit/537.36 (KHTML, like Gecko) Chrome/94.0.4606.81 Safari/537.36","sec-ch-ua-platform":"\"macOS\"","accept":"*/*","sec-fetch-site":"same-origin","sec-fetch-mode":"no-cors","sec-fetch-dest":"script","referer":"http://localhost:8080/gallery?page=4&limit=5","accept-encoding":"gzip, deflate, br","accept-language":"ru-RU,ru;q=0.9,en-US;q=0.8,en;q=0.7","cookie":"token=token"} 
11-10-2021 12:19:41.398 INFO  Запрос на сервер: Method - GET; 
        URL - /dan-dennis-FU1mWxzUXJs-unsplash.jpg; 
        Body - {}; 
        Headers - {"host":"localhost:8080","connection":"keep-alive","sec-ch-ua":"\"Chromium\";v=\"94\", \"Google Chrome\";v=\"94\", \";Not A Brand\";v=\"99\"","sec-ch-ua-mobile":"?0","user-agent":"Mozilla/5.0 (Macintosh; Intel Mac OS X 10_15_7) AppleWebKit/537.36 (KHTML, like Gecko) Chrome/94.0.4606.81 Safari/537.36","sec-ch-ua-platform":"\"macOS\"","accept":"image/avif,image/webp,image/apng,image/svg+xml,image/*,*/*;q=0.8","sec-fetch-site":"same-origin","sec-fetch-mode":"no-cors","sec-fetch-dest":"image","referer":"http://localhost:8080/gallery?page=4&limit=5","accept-encoding":"gzip, deflate, br","accept-language":"ru-RU,ru;q=0.9,en-US;q=0.8,en;q=0.7","cookie":"token=token"} 
11-10-2021 12:19:41.399 INFO  Запрос на сервер: Method - GET; 
        URL - /danist-soh--1KpwRL-8MY-unsplash.jpg; 
        Body - {}; 
        Headers - {"host":"localhost:8080","connection":"keep-alive","sec-ch-ua":"\"Chromium\";v=\"94\", \"Google Chrome\";v=\"94\", \";Not A Brand\";v=\"99\"","sec-ch-ua-mobile":"?0","user-agent":"Mozilla/5.0 (Macintosh; Intel Mac OS X 10_15_7) AppleWebKit/537.36 (KHTML, like Gecko) Chrome/94.0.4606.81 Safari/537.36","sec-ch-ua-platform":"\"macOS\"","accept":"image/avif,image/webp,image/apng,image/svg+xml,image/*,*/*;q=0.8","sec-fetch-site":"same-origin","sec-fetch-mode":"no-cors","sec-fetch-dest":"image","referer":"http://localhost:8080/gallery?page=4&limit=5","accept-encoding":"gzip, deflate, br","accept-language":"ru-RU,ru;q=0.9,en-US;q=0.8,en;q=0.7","cookie":"token=token"} 
11-10-2021 12:19:42.648 INFO  Запрос на сервер: Method - GET; 
        URL - /gallery?page=5&limit=5; 
        Body - {}; 
        Headers - {"host":"localhost:8080","connection":"keep-alive","sec-ch-ua":"\"Chromium\";v=\"94\", \"Google Chrome\";v=\"94\", \";Not A Brand\";v=\"99\"","sec-ch-ua-mobile":"?0","sec-ch-ua-platform":"\"macOS\"","upgrade-insecure-requests":"1","user-agent":"Mozilla/5.0 (Macintosh; Intel Mac OS X 10_15_7) AppleWebKit/537.36 (KHTML, like Gecko) Chrome/94.0.4606.81 Safari/537.36","accept":"text/html,application/xhtml+xml,application/xml;q=0.9,image/avif,image/webp,image/apng,*/*;q=0.8,application/signed-exchange;v=b3;q=0.9","sec-fetch-site":"same-origin","sec-fetch-mode":"navigate","sec-fetch-dest":"document","referer":"http://localhost:8080/gallery?page=4&limit=5","accept-encoding":"gzip, deflate, br","accept-language":"ru-RU,ru;q=0.9,en-US;q=0.8,en;q=0.7","cookie":"token=token"} 
11-10-2021 12:19:43.056 INFO  Запрос на сервер: Method - GET; 
        URL - /anton-ivanov-L38IxgRzVcE-unsplash.jpg; 
        Body - {}; 
        Headers - {"host":"localhost:8080","connection":"keep-alive","sec-ch-ua":"\"Chromium\";v=\"94\", \"Google Chrome\";v=\"94\", \";Not A Brand\";v=\"99\"","sec-ch-ua-mobile":"?0","user-agent":"Mozilla/5.0 (Macintosh; Intel Mac OS X 10_15_7) AppleWebKit/537.36 (KHTML, like Gecko) Chrome/94.0.4606.81 Safari/537.36","sec-ch-ua-platform":"\"macOS\"","accept":"image/avif,image/webp,image/apng,image/svg+xml,image/*,*/*;q=0.8","sec-fetch-site":"same-origin","sec-fetch-mode":"no-cors","sec-fetch-dest":"image","referer":"http://localhost:8080/gallery?page=5&limit=5","accept-encoding":"gzip, deflate, br","accept-language":"ru-RU,ru;q=0.9,en-US;q=0.8,en;q=0.7","cookie":"token=token"} 
11-10-2021 12:19:43.059 INFO  Запрос на сервер: Method - GET; 
        URL - /christian-holzinger-3iEgF99LESk-unsplash.jpg; 
        Body - {}; 
        Headers - {"host":"localhost:8080","connection":"keep-alive","sec-ch-ua":"\"Chromium\";v=\"94\", \"Google Chrome\";v=\"94\", \";Not A Brand\";v=\"99\"","sec-ch-ua-mobile":"?0","user-agent":"Mozilla/5.0 (Macintosh; Intel Mac OS X 10_15_7) AppleWebKit/537.36 (KHTML, like Gecko) Chrome/94.0.4606.81 Safari/537.36","sec-ch-ua-platform":"\"macOS\"","accept":"image/avif,image/webp,image/apng,image/svg+xml,image/*,*/*;q=0.8","sec-fetch-site":"same-origin","sec-fetch-mode":"no-cors","sec-fetch-dest":"image","referer":"http://localhost:8080/gallery?page=5&limit=5","accept-encoding":"gzip, deflate, br","accept-language":"ru-RU,ru;q=0.9,en-US;q=0.8,en;q=0.7","cookie":"token=token"} 
11-10-2021 12:19:43.060 INFO  Запрос на сервер: Method - GET; 
        URL - /dan-burton-CuCSy7zYrdA-unsplash.jpg; 
        Body - {}; 
        Headers - {"host":"localhost:8080","connection":"keep-alive","sec-ch-ua":"\"Chromium\";v=\"94\", \"Google Chrome\";v=\"94\", \";Not A Brand\";v=\"99\"","sec-ch-ua-mobile":"?0","user-agent":"Mozilla/5.0 (Macintosh; Intel Mac OS X 10_15_7) AppleWebKit/537.36 (KHTML, like Gecko) Chrome/94.0.4606.81 Safari/537.36","sec-ch-ua-platform":"\"macOS\"","accept":"image/avif,image/webp,image/apng,image/svg+xml,image/*,*/*;q=0.8","sec-fetch-site":"same-origin","sec-fetch-mode":"no-cors","sec-fetch-dest":"image","referer":"http://localhost:8080/gallery?page=5&limit=5","accept-encoding":"gzip, deflate, br","accept-language":"ru-RU,ru;q=0.9,en-US;q=0.8,en;q=0.7","cookie":"token=token"} 
11-10-2021 12:19:43.061 INFO  Запрос на сервер: Method - GET; 
        URL - /dan-dennis-FU1mWxzUXJs-unsplash.jpg; 
        Body - {}; 
        Headers - {"host":"localhost:8080","connection":"keep-alive","sec-ch-ua":"\"Chromium\";v=\"94\", \"Google Chrome\";v=\"94\", \";Not A Brand\";v=\"99\"","sec-ch-ua-mobile":"?0","user-agent":"Mozilla/5.0 (Macintosh; Intel Mac OS X 10_15_7) AppleWebKit/537.36 (KHTML, like Gecko) Chrome/94.0.4606.81 Safari/537.36","sec-ch-ua-platform":"\"macOS\"","accept":"image/avif,image/webp,image/apng,image/svg+xml,image/*,*/*;q=0.8","sec-fetch-site":"same-origin","sec-fetch-mode":"no-cors","sec-fetch-dest":"image","referer":"http://localhost:8080/gallery?page=5&limit=5","accept-encoding":"gzip, deflate, br","accept-language":"ru-RU,ru;q=0.9,en-US;q=0.8,en;q=0.7","cookie":"token=token"} 
11-10-2021 12:19:43.061 INFO  Запрос на сервер: Method - GET; 
        URL - /danist-soh--1KpwRL-8MY-unsplash.jpg; 
        Body - {}; 
        Headers - {"host":"localhost:8080","connection":"keep-alive","sec-ch-ua":"\"Chromium\";v=\"94\", \"Google Chrome\";v=\"94\", \";Not A Brand\";v=\"99\"","sec-ch-ua-mobile":"?0","user-agent":"Mozilla/5.0 (Macintosh; Intel Mac OS X 10_15_7) AppleWebKit/537.36 (KHTML, like Gecko) Chrome/94.0.4606.81 Safari/537.36","sec-ch-ua-platform":"\"macOS\"","accept":"image/avif,image/webp,image/apng,image/svg+xml,image/*,*/*;q=0.8","sec-fetch-site":"same-origin","sec-fetch-mode":"no-cors","sec-fetch-dest":"image","referer":"http://localhost:8080/gallery?page=5&limit=5","accept-encoding":"gzip, deflate, br","accept-language":"ru-RU,ru;q=0.9,en-US;q=0.8,en;q=0.7","cookie":"token=token"} 
11-10-2021 12:19:43.061 INFO  Запрос на сервер: Method - GET; 
        URL - /gallery.js; 
        Body - {}; 
        Headers - {"host":"localhost:8080","connection":"keep-alive","sec-ch-ua":"\"Chromium\";v=\"94\", \"Google Chrome\";v=\"94\", \";Not A Brand\";v=\"99\"","if-none-match":"W/\"1104-17c6ea67a05\"","if-modified-since":"Mon, 11 Oct 2021 09:19:36 GMT","sec-ch-ua-mobile":"?0","user-agent":"Mozilla/5.0 (Macintosh; Intel Mac OS X 10_15_7) AppleWebKit/537.36 (KHTML, like Gecko) Chrome/94.0.4606.81 Safari/537.36","sec-ch-ua-platform":"\"macOS\"","accept":"*/*","sec-fetch-site":"same-origin","sec-fetch-mode":"no-cors","sec-fetch-dest":"script","referer":"http://localhost:8080/gallery?page=5&limit=5","accept-encoding":"gzip, deflate, br","accept-language":"ru-RU,ru;q=0.9,en-US;q=0.8,en;q=0.7","cookie":"token=token"} 
11-10-2021 12:19:44.832 INFO  Запрос на сервер: Method - GET; 
        URL - /gallery?page=6&limit=5; 
        Body - {}; 
        Headers - {"host":"localhost:8080","connection":"keep-alive","sec-ch-ua":"\"Chromium\";v=\"94\", \"Google Chrome\";v=\"94\", \";Not A Brand\";v=\"99\"","sec-ch-ua-mobile":"?0","sec-ch-ua-platform":"\"macOS\"","upgrade-insecure-requests":"1","user-agent":"Mozilla/5.0 (Macintosh; Intel Mac OS X 10_15_7) AppleWebKit/537.36 (KHTML, like Gecko) Chrome/94.0.4606.81 Safari/537.36","accept":"text/html,application/xhtml+xml,application/xml;q=0.9,image/avif,image/webp,image/apng,*/*;q=0.8,application/signed-exchange;v=b3;q=0.9","sec-fetch-site":"same-origin","sec-fetch-mode":"navigate","sec-fetch-dest":"document","referer":"http://localhost:8080/gallery?page=5&limit=5","accept-encoding":"gzip, deflate, br","accept-language":"ru-RU,ru;q=0.9,en-US;q=0.8,en;q=0.7","cookie":"token=token","if-none-match":"W/\"655-g1ZeXXcY50qQ5P4iJy2ZdPsJaBM\""} 
11-10-2021 12:19:45.231 INFO  Запрос на сервер: Method - GET; 
        URL - /anton-ivanov-L38IxgRzVcE-unsplash.jpg; 
        Body - {}; 
        Headers - {"host":"localhost:8080","connection":"keep-alive","sec-ch-ua":"\"Chromium\";v=\"94\", \"Google Chrome\";v=\"94\", \";Not A Brand\";v=\"99\"","sec-ch-ua-mobile":"?0","user-agent":"Mozilla/5.0 (Macintosh; Intel Mac OS X 10_15_7) AppleWebKit/537.36 (KHTML, like Gecko) Chrome/94.0.4606.81 Safari/537.36","sec-ch-ua-platform":"\"macOS\"","accept":"image/avif,image/webp,image/apng,image/svg+xml,image/*,*/*;q=0.8","sec-fetch-site":"same-origin","sec-fetch-mode":"no-cors","sec-fetch-dest":"image","referer":"http://localhost:8080/gallery?page=6&limit=5","accept-encoding":"gzip, deflate, br","accept-language":"ru-RU,ru;q=0.9,en-US;q=0.8,en;q=0.7","cookie":"token=token"} 
11-10-2021 12:19:45.231 INFO  Запрос на сервер: Method - GET; 
        URL - /christian-holzinger-3iEgF99LESk-unsplash.jpg; 
        Body - {}; 
        Headers - {"host":"localhost:8080","connection":"keep-alive","sec-ch-ua":"\"Chromium\";v=\"94\", \"Google Chrome\";v=\"94\", \";Not A Brand\";v=\"99\"","sec-ch-ua-mobile":"?0","user-agent":"Mozilla/5.0 (Macintosh; Intel Mac OS X 10_15_7) AppleWebKit/537.36 (KHTML, like Gecko) Chrome/94.0.4606.81 Safari/537.36","sec-ch-ua-platform":"\"macOS\"","accept":"image/avif,image/webp,image/apng,image/svg+xml,image/*,*/*;q=0.8","sec-fetch-site":"same-origin","sec-fetch-mode":"no-cors","sec-fetch-dest":"image","referer":"http://localhost:8080/gallery?page=6&limit=5","accept-encoding":"gzip, deflate, br","accept-language":"ru-RU,ru;q=0.9,en-US;q=0.8,en;q=0.7","cookie":"token=token"} 
11-10-2021 12:19:45.231 INFO  Запрос на сервер: Method - GET; 
        URL - /dan-burton-CuCSy7zYrdA-unsplash.jpg; 
        Body - {}; 
        Headers - {"host":"localhost:8080","connection":"keep-alive","sec-ch-ua":"\"Chromium\";v=\"94\", \"Google Chrome\";v=\"94\", \";Not A Brand\";v=\"99\"","sec-ch-ua-mobile":"?0","user-agent":"Mozilla/5.0 (Macintosh; Intel Mac OS X 10_15_7) AppleWebKit/537.36 (KHTML, like Gecko) Chrome/94.0.4606.81 Safari/537.36","sec-ch-ua-platform":"\"macOS\"","accept":"image/avif,image/webp,image/apng,image/svg+xml,image/*,*/*;q=0.8","sec-fetch-site":"same-origin","sec-fetch-mode":"no-cors","sec-fetch-dest":"image","referer":"http://localhost:8080/gallery?page=6&limit=5","accept-encoding":"gzip, deflate, br","accept-language":"ru-RU,ru;q=0.9,en-US;q=0.8,en;q=0.7","cookie":"token=token"} 
11-10-2021 12:19:45.232 INFO  Запрос на сервер: Method - GET; 
        URL - /dan-dennis-FU1mWxzUXJs-unsplash.jpg; 
        Body - {}; 
        Headers - {"host":"localhost:8080","connection":"keep-alive","sec-ch-ua":"\"Chromium\";v=\"94\", \"Google Chrome\";v=\"94\", \";Not A Brand\";v=\"99\"","sec-ch-ua-mobile":"?0","user-agent":"Mozilla/5.0 (Macintosh; Intel Mac OS X 10_15_7) AppleWebKit/537.36 (KHTML, like Gecko) Chrome/94.0.4606.81 Safari/537.36","sec-ch-ua-platform":"\"macOS\"","accept":"image/avif,image/webp,image/apng,image/svg+xml,image/*,*/*;q=0.8","sec-fetch-site":"same-origin","sec-fetch-mode":"no-cors","sec-fetch-dest":"image","referer":"http://localhost:8080/gallery?page=6&limit=5","accept-encoding":"gzip, deflate, br","accept-language":"ru-RU,ru;q=0.9,en-US;q=0.8,en;q=0.7","cookie":"token=token"} 
11-10-2021 12:19:45.232 INFO  Запрос на сервер: Method - GET; 
        URL - /danist-soh--1KpwRL-8MY-unsplash.jpg; 
        Body - {}; 
        Headers - {"host":"localhost:8080","connection":"keep-alive","sec-ch-ua":"\"Chromium\";v=\"94\", \"Google Chrome\";v=\"94\", \";Not A Brand\";v=\"99\"","sec-ch-ua-mobile":"?0","user-agent":"Mozilla/5.0 (Macintosh; Intel Mac OS X 10_15_7) AppleWebKit/537.36 (KHTML, like Gecko) Chrome/94.0.4606.81 Safari/537.36","sec-ch-ua-platform":"\"macOS\"","accept":"image/avif,image/webp,image/apng,image/svg+xml,image/*,*/*;q=0.8","sec-fetch-site":"same-origin","sec-fetch-mode":"no-cors","sec-fetch-dest":"image","referer":"http://localhost:8080/gallery?page=6&limit=5","accept-encoding":"gzip, deflate, br","accept-language":"ru-RU,ru;q=0.9,en-US;q=0.8,en;q=0.7","cookie":"token=token"} 
11-10-2021 12:19:45.233 INFO  Запрос на сервер: Method - GET; 
        URL - /gallery.js; 
        Body - {}; 
        Headers - {"host":"localhost:8080","connection":"keep-alive","sec-ch-ua":"\"Chromium\";v=\"94\", \"Google Chrome\";v=\"94\", \";Not A Brand\";v=\"99\"","if-none-match":"W/\"1104-17c6ea67a05\"","if-modified-since":"Mon, 11 Oct 2021 09:19:36 GMT","sec-ch-ua-mobile":"?0","user-agent":"Mozilla/5.0 (Macintosh; Intel Mac OS X 10_15_7) AppleWebKit/537.36 (KHTML, like Gecko) Chrome/94.0.4606.81 Safari/537.36","sec-ch-ua-platform":"\"macOS\"","accept":"*/*","sec-fetch-site":"same-origin","sec-fetch-mode":"no-cors","sec-fetch-dest":"script","referer":"http://localhost:8080/gallery?page=6&limit=5","accept-encoding":"gzip, deflate, br","accept-language":"ru-RU,ru;q=0.9,en-US;q=0.8,en;q=0.7","cookie":"token=token"} 
